{"/Users/liangjiaying/git/specberus/lib/api.js":{"path":"/Users/liangjiaying/git/specberus/lib/api.js","statementMap":{"0":{"start":{"line":6,"column":13},"end":{"line":6,"column":34}},"1":{"start":{"line":7,"column":11},"end":{"line":7,"column":28}},"2":{"start":{"line":8,"column":11},"end":{"line":8,"column":28}},"3":{"start":{"line":9,"column":16},"end":{"line":9,"column":38}},"4":{"start":{"line":12,"column":13},"end":{"line":12,"column":22}},"5":{"start":{"line":13,"column":14},"end":{"line":13,"column":26}},"6":{"start":{"line":26,"column":23},"end":{"line":31,"column":1}},"7":{"start":{"line":28,"column":20},"end":{"line":28,"column":66}},"8":{"start":{"line":29,"column":4},"end":{"line":29,"column":58}},"9":{"start":{"line":40,"column":23},"end":{"line":147,"column":1}},"10":{"start":{"line":42,"column":4},"end":{"line":145,"column":5}},"11":{"start":{"line":43,"column":8},"end":{"line":43,"column":38}},"12":{"start":{"line":45,"column":9},"end":{"line":145,"column":5}},"13":{"start":{"line":46,"column":26},"end":{"line":46,"column":54}},"14":{"start":{"line":60,"column":8},"end":{"line":69,"column":9}},"15":{"start":{"line":61,"column":12},"end":{"line":65,"column":14}},"16":{"start":{"line":68,"column":12},"end":{"line":68,"column":69}},"17":{"start":{"line":70,"column":8},"end":{"line":141,"column":9}},"18":{"start":{"line":71,"column":12},"end":{"line":71,"column":24}},"19":{"start":{"line":72,"column":12},"end":{"line":72,"column":42}},"20":{"start":{"line":73,"column":12},"end":{"line":112,"column":15}},"21":{"start":{"line":74,"column":16},"end":{"line":74,"column":56}},"22":{"start":{"line":76,"column":16},"end":{"line":111,"column":17}},"23":{"start":{"line":77,"column":20},"end":{"line":77,"column":60}},"24":{"start":{"line":79,"column":31},"end":{"line":79,"column":44}},"25":{"start":{"line":80,"column":20},"end":{"line":83,"column":49}},"26":{"start":{"line":81,"column":24},"end":{"line":81,"column":47}},"27":{"start":{"line":83,"column":24},"end":{"line":83,"column":49}},"28":{"start":{"line":84,"column":20},"end":{"line":93,"column":21}},"29":{"start":{"line":85,"column":24},"end":{"line":89,"column":26}},"30":{"start":{"line":92,"column":24},"end":{"line":92,"column":81}},"31":{"start":{"line":94,"column":20},"end":{"line":94,"column":62}},"32":{"start":{"line":95,"column":20},"end":{"line":95,"column":57}},"33":{"start":{"line":96,"column":20},"end":{"line":96,"column":33}},"34":{"start":{"line":97,"column":20},"end":{"line":97,"column":35}},"35":{"start":{"line":98,"column":20},"end":{"line":98,"column":31}},"36":{"start":{"line":99,"column":20},"end":{"line":99,"column":51}},"37":{"start":{"line":100,"column":20},"end":{"line":108,"column":23}},"38":{"start":{"line":101,"column":24},"end":{"line":101,"column":66}},"39":{"start":{"line":103,"column":24},"end":{"line":103,"column":77}},"40":{"start":{"line":105,"column":24},"end":{"line":105,"column":68}},"41":{"start":{"line":107,"column":24},"end":{"line":107,"column":64}},"42":{"start":{"line":109,"column":20},"end":{"line":109,"column":47}},"43":{"start":{"line":110,"column":20},"end":{"line":110,"column":42}},"44":{"start":{"line":113,"column":12},"end":{"line":115,"column":15}},"45":{"start":{"line":114,"column":16},"end":{"line":114,"column":86}},"46":{"start":{"line":116,"column":12},"end":{"line":116,"column":37}},"47":{"start":{"line":117,"column":12},"end":{"line":117,"column":39}},"48":{"start":{"line":120,"column":12},"end":{"line":120,"column":24}},"49":{"start":{"line":121,"column":12},"end":{"line":121,"column":26}},"50":{"start":{"line":122,"column":12},"end":{"line":122,"column":22}},"51":{"start":{"line":123,"column":12},"end":{"line":123,"column":42}},"52":{"start":{"line":124,"column":12},"end":{"line":132,"column":15}},"53":{"start":{"line":125,"column":16},"end":{"line":125,"column":56}},"54":{"start":{"line":127,"column":16},"end":{"line":127,"column":75}},"55":{"start":{"line":129,"column":16},"end":{"line":129,"column":58}},"56":{"start":{"line":131,"column":16},"end":{"line":131,"column":54}},"57":{"start":{"line":133,"column":12},"end":{"line":135,"column":15}},"58":{"start":{"line":134,"column":16},"end":{"line":134,"column":86}},"59":{"start":{"line":136,"column":12},"end":{"line":136,"column":37}},"60":{"start":{"line":137,"column":12},"end":{"line":140,"column":43}},"61":{"start":{"line":138,"column":16},"end":{"line":138,"column":36}},"62":{"start":{"line":140,"column":16},"end":{"line":140,"column":43}},"63":{"start":{"line":144,"column":8},"end":{"line":144,"column":50}},"64":{"start":{"line":149,"column":14},"end":{"line":151,"column":1}},"65":{"start":{"line":150,"column":4},"end":{"line":150,"column":38}},"66":{"start":{"line":153,"column":0},"end":{"line":153,"column":22}}},"fnMap":{"0":{"name":"(anonymous_0)","decl":{"start":{"line":26,"column":23},"end":{"line":26,"column":24}},"loc":{"start":{"line":26,"column":63},"end":{"line":31,"column":1}},"line":26},"1":{"name":"(anonymous_1)","decl":{"start":{"line":40,"column":23},"end":{"line":40,"column":24}},"loc":{"start":{"line":40,"column":42},"end":{"line":147,"column":1}},"line":40},"2":{"name":"(anonymous_2)","decl":{"start":{"line":73,"column":31},"end":{"line":73,"column":32}},"loc":{"start":{"line":73,"column":49},"end":{"line":75,"column":13}},"line":73},"3":{"name":"(anonymous_3)","decl":{"start":{"line":75,"column":15},"end":{"line":75,"column":16}},"loc":{"start":{"line":75,"column":30},"end":{"line":112,"column":13}},"line":75},"4":{"name":"(anonymous_4)","decl":{"start":{"line":100,"column":40},"end":{"line":100,"column":41}},"loc":{"start":{"line":100,"column":59},"end":{"line":102,"column":21}},"line":100},"5":{"name":"(anonymous_5)","decl":{"start":{"line":102,"column":23},"end":{"line":102,"column":24}},"loc":{"start":{"line":102,"column":34},"end":{"line":104,"column":21}},"line":102},"6":{"name":"(anonymous_6)","decl":{"start":{"line":104,"column":23},"end":{"line":104,"column":24}},"loc":{"start":{"line":104,"column":42},"end":{"line":106,"column":21}},"line":104},"7":{"name":"(anonymous_7)","decl":{"start":{"line":106,"column":23},"end":{"line":106,"column":24}},"loc":{"start":{"line":106,"column":42},"end":{"line":108,"column":21}},"line":106},"8":{"name":"(anonymous_8)","decl":{"start":{"line":113,"column":36},"end":{"line":113,"column":37}},"loc":{"start":{"line":113,"column":51},"end":{"line":115,"column":13}},"line":113},"9":{"name":"(anonymous_9)","decl":{"start":{"line":124,"column":31},"end":{"line":124,"column":32}},"loc":{"start":{"line":124,"column":49},"end":{"line":126,"column":13}},"line":124},"10":{"name":"(anonymous_10)","decl":{"start":{"line":126,"column":15},"end":{"line":126,"column":16}},"loc":{"start":{"line":126,"column":30},"end":{"line":128,"column":13}},"line":126},"11":{"name":"(anonymous_11)","decl":{"start":{"line":128,"column":15},"end":{"line":128,"column":16}},"loc":{"start":{"line":128,"column":33},"end":{"line":130,"column":13}},"line":128},"12":{"name":"(anonymous_12)","decl":{"start":{"line":130,"column":15},"end":{"line":130,"column":16}},"loc":{"start":{"line":130,"column":33},"end":{"line":132,"column":13}},"line":130},"13":{"name":"(anonymous_13)","decl":{"start":{"line":133,"column":36},"end":{"line":133,"column":37}},"loc":{"start":{"line":133,"column":51},"end":{"line":135,"column":13}},"line":133},"14":{"name":"(anonymous_14)","decl":{"start":{"line":149,"column":14},"end":{"line":149,"column":15}},"loc":{"start":{"line":149,"column":28},"end":{"line":151,"column":1}},"line":149}},"branchMap":{"0":{"loc":{"start":{"line":29,"column":15},"end":{"line":29,"column":42}},"type":"cond-expr","locations":[{"start":{"line":29,"column":33},"end":{"line":29,"column":36}},{"start":{"line":29,"column":39},"end":{"line":29,"column":42}}],"line":29},"1":{"loc":{"start":{"line":42,"column":4},"end":{"line":145,"column":5}},"type":"if","locations":[{"start":{"line":42,"column":4},"end":{"line":145,"column":5}},{"start":{"line":42,"column":4},"end":{"line":145,"column":5}}],"line":42},"2":{"loc":{"start":{"line":45,"column":9},"end":{"line":145,"column":5}},"type":"if","locations":[{"start":{"line":45,"column":9},"end":{"line":145,"column":5}},{"start":{"line":45,"column":9},"end":{"line":145,"column":5}}],"line":45},"3":{"loc":{"start":{"line":45,"column":13},"end":{"line":45,"column":73}},"type":"binary-expr","locations":[{"start":{"line":45,"column":13},"end":{"line":45,"column":41}},{"start":{"line":45,"column":45},"end":{"line":45,"column":73}}],"line":45},"4":{"loc":{"start":{"line":64,"column":28},"end":{"line":64,"column":55}},"type":"cond-expr","locations":[{"start":{"line":64,"column":39},"end":{"line":64,"column":50}},{"start":{"line":64,"column":53},"end":{"line":64,"column":55}}],"line":64},"5":{"loc":{"start":{"line":70,"column":8},"end":{"line":141,"column":9}},"type":"if","locations":[{"start":{"line":70,"column":8},"end":{"line":141,"column":9}},{"start":{"line":70,"column":8},"end":{"line":141,"column":9}}],"line":70},"6":{"loc":{"start":{"line":70,"column":12},"end":{"line":70,"column":50}},"type":"binary-expr","locations":[{"start":{"line":70,"column":12},"end":{"line":70,"column":20}},{"start":{"line":70,"column":24},"end":{"line":70,"column":50}}],"line":70},"7":{"loc":{"start":{"line":76,"column":16},"end":{"line":111,"column":17}},"type":"if","locations":[{"start":{"line":76,"column":16},"end":{"line":111,"column":17}},{"start":{"line":76,"column":16},"end":{"line":111,"column":17}}],"line":76},"8":{"loc":{"start":{"line":80,"column":20},"end":{"line":83,"column":49}},"type":"if","locations":[{"start":{"line":80,"column":20},"end":{"line":83,"column":49}},{"start":{"line":80,"column":20},"end":{"line":83,"column":49}}],"line":80},"9":{"loc":{"start":{"line":114,"column":32},"end":{"line":114,"column":66}},"type":"cond-expr","locations":[{"start":{"line":114,"column":47},"end":{"line":114,"column":59}},{"start":{"line":114,"column":62},"end":{"line":114,"column":66}}],"line":114},"10":{"loc":{"start":{"line":134,"column":32},"end":{"line":134,"column":66}},"type":"cond-expr","locations":[{"start":{"line":134,"column":47},"end":{"line":134,"column":59}},{"start":{"line":134,"column":62},"end":{"line":134,"column":66}}],"line":134},"11":{"loc":{"start":{"line":137,"column":12},"end":{"line":140,"column":43}},"type":"if","locations":[{"start":{"line":137,"column":12},"end":{"line":140,"column":43}},{"start":{"line":137,"column":12},"end":{"line":140,"column":43}}],"line":137}},"s":{"0":1,"1":1,"2":1,"3":1,"4":1,"5":1,"6":1,"7":4,"8":4,"9":1,"10":6,"11":1,"12":5,"13":4,"14":4,"15":4,"16":2,"17":2,"18":0,"19":0,"20":0,"21":0,"22":0,"23":0,"24":0,"25":0,"26":0,"27":0,"28":0,"29":0,"30":0,"31":0,"32":0,"33":0,"34":0,"35":0,"36":0,"37":0,"38":0,"39":0,"40":0,"41":0,"42":0,"43":0,"44":0,"45":0,"46":0,"47":0,"48":2,"49":2,"50":2,"51":2,"52":2,"53":21,"54":2,"55":8,"56":11,"57":2,"58":0,"59":2,"60":2,"61":1,"62":1,"63":1,"64":1,"65":1,"66":1},"f":{"0":4,"1":6,"2":0,"3":0,"4":0,"5":0,"6":0,"7":0,"8":0,"9":21,"10":2,"11":8,"12":11,"13":0,"14":1},"b":{"0":[1,3],"1":[1,5],"2":[4,1],"3":[5,2],"4":[1,3],"5":[0,2],"6":[2,1],"7":[0,0],"8":[0,0],"9":[0,0],"10":[0,0],"11":[1,1]},"_coverageSchema":"1a1c01bbd47fc00a2c39e90264f33305004495a9","hash":"c7fccabcc1209032bc2c22edaeb05d2b7cb5e918","contentHash":"300c1a7d372ed5fe57d41dd675ecb1bec44bb911857ff57bea59dd7982359343"},"/Users/liangjiaying/git/specberus/lib/sink.js":{"path":"/Users/liangjiaying/git/specberus/lib/sink.js","statementMap":{"0":{"start":{"line":6,"column":13},"end":{"line":6,"column":28}},"1":{"start":{"line":7,"column":13},"end":{"line":7,"column":30}},"2":{"start":{"line":19,"column":11},"end":{"line":43,"column":1}},"3":{"start":{"line":21,"column":4},"end":{"line":21,"column":16}},"4":{"start":{"line":22,"column":4},"end":{"line":22,"column":21}},"5":{"start":{"line":23,"column":4},"end":{"line":23,"column":23}},"6":{"start":{"line":24,"column":4},"end":{"line":24,"column":18}},"7":{"start":{"line":26,"column":4},"end":{"line":29,"column":5}},"8":{"start":{"line":27,"column":8},"end":{"line":27,"column":63}},"9":{"start":{"line":27,"column":47},"end":{"line":27,"column":59}},"10":{"start":{"line":28,"column":8},"end":{"line":28,"column":63}},"11":{"start":{"line":28,"column":44},"end":{"line":28,"column":59}},"12":{"start":{"line":31,"column":4},"end":{"line":33,"column":5}},"13":{"start":{"line":32,"column":8},"end":{"line":32,"column":60}},"14":{"start":{"line":32,"column":45},"end":{"line":32,"column":56}},"15":{"start":{"line":35,"column":4},"end":{"line":37,"column":5}},"16":{"start":{"line":36,"column":8},"end":{"line":36,"column":66}},"17":{"start":{"line":36,"column":48},"end":{"line":36,"column":62}},"18":{"start":{"line":39,"column":4},"end":{"line":41,"column":5}},"19":{"start":{"line":40,"column":8},"end":{"line":40,"column":62}},"20":{"start":{"line":40,"column":45},"end":{"line":40,"column":58}},"21":{"start":{"line":45,"column":0},"end":{"line":45,"column":41}},"22":{"start":{"line":47,"column":0},"end":{"line":47,"column":20}}},"fnMap":{"0":{"name":"(anonymous_0)","decl":{"start":{"line":19,"column":11},"end":{"line":19,"column":12}},"loc":{"start":{"line":19,"column":44},"end":{"line":43,"column":1}},"line":19},"1":{"name":"(anonymous_1)","decl":{"start":{"line":27,"column":29},"end":{"line":27,"column":30}},"loc":{"start":{"line":27,"column":45},"end":{"line":27,"column":61}},"line":27},"2":{"name":"(anonymous_2)","decl":{"start":{"line":28,"column":23},"end":{"line":28,"column":24}},"loc":{"start":{"line":28,"column":42},"end":{"line":28,"column":61}},"line":28},"3":{"name":"(anonymous_3)","decl":{"start":{"line":32,"column":27},"end":{"line":32,"column":28}},"loc":{"start":{"line":32,"column":43},"end":{"line":32,"column":58}},"line":32},"4":{"name":"(anonymous_4)","decl":{"start":{"line":36,"column":27},"end":{"line":36,"column":28}},"loc":{"start":{"line":36,"column":46},"end":{"line":36,"column":64}},"line":36},"5":{"name":"(anonymous_5)","decl":{"start":{"line":40,"column":24},"end":{"line":40,"column":25}},"loc":{"start":{"line":40,"column":43},"end":{"line":40,"column":60}},"line":40}},"branchMap":{"0":{"loc":{"start":{"line":26,"column":4},"end":{"line":29,"column":5}},"type":"if","locations":[{"start":{"line":26,"column":4},"end":{"line":29,"column":5}},{"start":{"line":26,"column":4},"end":{"line":29,"column":5}}],"line":26},"1":{"loc":{"start":{"line":31,"column":4},"end":{"line":33,"column":5}},"type":"if","locations":[{"start":{"line":31,"column":4},"end":{"line":33,"column":5}},{"start":{"line":31,"column":4},"end":{"line":33,"column":5}}],"line":31},"2":{"loc":{"start":{"line":35,"column":4},"end":{"line":37,"column":5}},"type":"if","locations":[{"start":{"line":35,"column":4},"end":{"line":37,"column":5}},{"start":{"line":35,"column":4},"end":{"line":37,"column":5}}],"line":35},"3":{"loc":{"start":{"line":39,"column":4},"end":{"line":41,"column":5}},"type":"if","locations":[{"start":{"line":39,"column":4},"end":{"line":41,"column":5}},{"start":{"line":39,"column":4},"end":{"line":41,"column":5}}],"line":39}},"s":{"0":1,"1":1,"2":1,"3":188,"4":188,"5":188,"6":188,"7":188,"8":12,"9":0,"10":12,"11":21,"12":188,"13":2,"14":2,"15":188,"16":2,"17":8,"18":188,"19":2,"20":11,"21":1,"22":1},"f":{"0":188,"1":0,"2":21,"3":2,"4":8,"5":11},"b":{"0":[12,176],"1":[2,186],"2":[2,186],"3":[2,186]},"_coverageSchema":"1a1c01bbd47fc00a2c39e90264f33305004495a9","hash":"d41cea17094a436eb5497bf7cf276366d965b3fa","contentHash":"fdb5cecc78b85051a858a361e79534b9aa488631c4f21fd69fb8491a3240bd7a"},"/Users/liangjiaying/git/specberus/lib/util.js":{"path":"/Users/liangjiaying/git/specberus/lib/util.js","statementMap":{"0":{"start":{"line":5,"column":11},"end":{"line":5,"column":24}},"1":{"start":{"line":7,"column":15},"end":{"line":7,"column":58}},"2":{"start":{"line":8,"column":13},"end":{"line":8,"column":58}},"3":{"start":{"line":9,"column":15},"end":{"line":9,"column":17}},"4":{"start":{"line":20,"column":24},"end":{"line":30,"column":1}},"5":{"start":{"line":22,"column":4},"end":{"line":28,"column":6}},"6":{"start":{"line":40,"column":35},"end":{"line":120,"column":1}},"7":{"start":{"line":61,"column":4},"end":{"line":119,"column":6}},"8":{"start":{"line":62,"column":23},"end":{"line":62,"column":66}},"9":{"start":{"line":63,"column":26},"end":{"line":63,"column":31}},"10":{"start":{"line":64,"column":8},"end":{"line":99,"column":9}},"11":{"start":{"line":65,"column":12},"end":{"line":98,"column":65}},"12":{"start":{"line":67,"column":16},"end":{"line":68,"column":111}},"13":{"start":{"line":68,"column":20},"end":{"line":68,"column":111}},"14":{"start":{"line":69,"column":16},"end":{"line":69,"column":35}},"15":{"start":{"line":70,"column":16},"end":{"line":70,"column":38}},"16":{"start":{"line":72,"column":17},"end":{"line":98,"column":65}},"17":{"start":{"line":74,"column":16},"end":{"line":85,"column":42}},"18":{"start":{"line":75,"column":20},"end":{"line":75,"column":84}},"19":{"start":{"line":76,"column":21},"end":{"line":85,"column":42}},"20":{"start":{"line":77,"column":20},"end":{"line":82,"column":79}},"21":{"start":{"line":78,"column":24},"end":{"line":78,"column":56}},"22":{"start":{"line":79,"column":25},"end":{"line":82,"column":79}},"23":{"start":{"line":80,"column":24},"end":{"line":80,"column":43}},"24":{"start":{"line":82,"column":24},"end":{"line":82,"column":79}},"25":{"start":{"line":85,"column":20},"end":{"line":85,"column":42}},"26":{"start":{"line":87,"column":17},"end":{"line":98,"column":65}},"27":{"start":{"line":92,"column":16},"end":{"line":93,"column":84}},"28":{"start":{"line":93,"column":20},"end":{"line":93,"column":84}},"29":{"start":{"line":94,"column":16},"end":{"line":94,"column":38}},"30":{"start":{"line":96,"column":17},"end":{"line":98,"column":65}},"31":{"start":{"line":98,"column":16},"end":{"line":98,"column":65}},"32":{"start":{"line":100,"column":8},"end":{"line":117,"column":9}},"33":{"start":{"line":102,"column":12},"end":{"line":102,"column":98}},"34":{"start":{"line":105,"column":12},"end":{"line":110,"column":13}},"35":{"start":{"line":107,"column":16},"end":{"line":109,"column":115}},"36":{"start":{"line":108,"column":20},"end":{"line":109,"column":115}},"37":{"start":{"line":109,"column":24},"end":{"line":109,"column":115}},"38":{"start":{"line":111,"column":12},"end":{"line":116,"column":13}},"39":{"start":{"line":113,"column":16},"end":{"line":115,"column":119}},"40":{"start":{"line":114,"column":20},"end":{"line":115,"column":119}},"41":{"start":{"line":115,"column":24},"end":{"line":115,"column":119}},"42":{"start":{"line":118,"column":8},"end":{"line":118,"column":22}},"43":{"start":{"line":122,"column":0},"end":{"line":126,"column":3}},"44":{"start":{"line":122,"column":22},"end":{"line":122,"column":31}},"45":{"start":{"line":122,"column":55},"end":{"line":122,"column":66}},"46":{"start":{"line":123,"column":16},"end":{"line":123,"column":74}},"47":{"start":{"line":124,"column":4},"end":{"line":125,"column":63}},"48":{"start":{"line":125,"column":8},"end":{"line":125,"column":63}},"49":{"start":{"line":128,"column":18},"end":{"line":141,"column":1}},"50":{"start":{"line":129,"column":19},"end":{"line":129,"column":21}},"51":{"start":{"line":130,"column":4},"end":{"line":130,"column":35}},"52":{"start":{"line":131,"column":4},"end":{"line":139,"column":5}},"53":{"start":{"line":132,"column":8},"end":{"line":132,"column":42}},"54":{"start":{"line":132,"column":36},"end":{"line":132,"column":42}},"55":{"start":{"line":133,"column":8},"end":{"line":136,"column":9}},"56":{"start":{"line":134,"column":12},"end":{"line":134,"column":43}},"57":{"start":{"line":135,"column":12},"end":{"line":135,"column":21}},"58":{"start":{"line":137,"column":8},"end":{"line":137,"column":28}},"59":{"start":{"line":138,"column":8},"end":{"line":138,"column":39}},"60":{"start":{"line":140,"column":4},"end":{"line":140,"column":20}},"61":{"start":{"line":143,"column":16},"end":{"line":157,"column":1}},"62":{"start":{"line":144,"column":19},"end":{"line":144,"column":21}},"63":{"start":{"line":145,"column":4},"end":{"line":145,"column":35}},"64":{"start":{"line":146,"column":4},"end":{"line":155,"column":5}},"65":{"start":{"line":147,"column":8},"end":{"line":150,"column":9}},"66":{"start":{"line":148,"column":12},"end":{"line":148,"column":43}},"67":{"start":{"line":149,"column":12},"end":{"line":149,"column":21}},"68":{"start":{"line":151,"column":8},"end":{"line":153,"column":9}},"69":{"start":{"line":152,"column":12},"end":{"line":152,"column":32}},"70":{"start":{"line":154,"column":8},"end":{"line":154,"column":39}},"71":{"start":{"line":156,"column":4},"end":{"line":156,"column":20}},"72":{"start":{"line":159,"column":13},"end":{"line":167,"column":1}},"73":{"start":{"line":160,"column":4},"end":{"line":160,"column":35}},"74":{"start":{"line":161,"column":4},"end":{"line":166,"column":5}},"75":{"start":{"line":162,"column":8},"end":{"line":164,"column":9}},"76":{"start":{"line":163,"column":12},"end":{"line":163,"column":24}},"77":{"start":{"line":165,"column":8},"end":{"line":165,"column":39}},"78":{"start":{"line":169,"column":15},"end":{"line":174,"column":1}},"79":{"start":{"line":170,"column":4},"end":{"line":170,"column":49}},"80":{"start":{"line":170,"column":39},"end":{"line":170,"column":49}},"81":{"start":{"line":171,"column":4},"end":{"line":173,"column":6}},"82":{"start":{"line":172,"column":8},"end":{"line":172,"column":48}},"83":{"start":{"line":176,"column":0},"end":{"line":176,"column":28}},"84":{"start":{"line":177,"column":0},"end":{"line":177,"column":42}},"85":{"start":{"line":178,"column":0},"end":{"line":178,"column":61}},"86":{"start":{"line":179,"column":0},"end":{"line":179,"column":30}},"87":{"start":{"line":180,"column":0},"end":{"line":180,"column":24}},"88":{"start":{"line":181,"column":0},"end":{"line":181,"column":20}},"89":{"start":{"line":182,"column":0},"end":{"line":182,"column":26}}},"fnMap":{"0":{"name":"(anonymous_0)","decl":{"start":{"line":20,"column":24},"end":{"line":20,"column":25}},"loc":{"start":{"line":20,"column":59},"end":{"line":30,"column":1}},"line":20},"1":{"name":"(anonymous_1)","decl":{"start":{"line":40,"column":35},"end":{"line":40,"column":36}},"loc":{"start":{"line":40,"column":54},"end":{"line":120,"column":1}},"line":40},"2":{"name":"(anonymous_2)","decl":{"start":{"line":61,"column":11},"end":{"line":61,"column":12}},"loc":{"start":{"line":61,"column":47},"end":{"line":119,"column":5}},"line":61},"3":{"name":"(anonymous_3)","decl":{"start":{"line":122,"column":15},"end":{"line":122,"column":16}},"loc":{"start":{"line":122,"column":22},"end":{"line":122,"column":31}},"line":122},"4":{"name":"(anonymous_4)","decl":{"start":{"line":122,"column":48},"end":{"line":122,"column":49}},"loc":{"start":{"line":122,"column":55},"end":{"line":122,"column":66}},"line":122},"5":{"name":"(anonymous_5)","decl":{"start":{"line":122,"column":77},"end":{"line":122,"column":78}},"loc":{"start":{"line":122,"column":84},"end":{"line":126,"column":1}},"line":122},"6":{"name":"(anonymous_6)","decl":{"start":{"line":128,"column":18},"end":{"line":128,"column":19}},"loc":{"start":{"line":128,"column":52},"end":{"line":141,"column":1}},"line":128},"7":{"name":"(anonymous_7)","decl":{"start":{"line":143,"column":16},"end":{"line":143,"column":17}},"loc":{"start":{"line":143,"column":50},"end":{"line":157,"column":1}},"line":143},"8":{"name":"(anonymous_8)","decl":{"start":{"line":159,"column":13},"end":{"line":159,"column":14}},"loc":{"start":{"line":159,"column":39},"end":{"line":167,"column":1}},"line":159},"9":{"name":"(anonymous_9)","decl":{"start":{"line":169,"column":15},"end":{"line":169,"column":16}},"loc":{"start":{"line":169,"column":44},"end":{"line":174,"column":1}},"line":169},"10":{"name":"(anonymous_10)","decl":{"start":{"line":171,"column":49},"end":{"line":171,"column":50}},"loc":{"start":{"line":172,"column":8},"end":{"line":172,"column":48}},"line":172}},"branchMap":{"0":{"loc":{"start":{"line":62,"column":23},"end":{"line":62,"column":66}},"type":"cond-expr","locations":[{"start":{"line":62,"column":30},"end":{"line":62,"column":62}},{"start":{"line":62,"column":64},"end":{"line":62,"column":66}}],"line":62},"1":{"loc":{"start":{"line":65,"column":12},"end":{"line":98,"column":65}},"type":"if","locations":[{"start":{"line":65,"column":12},"end":{"line":98,"column":65}},{"start":{"line":65,"column":12},"end":{"line":98,"column":65}}],"line":65},"2":{"loc":{"start":{"line":65,"column":16},"end":{"line":65,"column":81}},"type":"binary-expr","locations":[{"start":{"line":65,"column":16},"end":{"line":65,"column":27}},{"start":{"line":65,"column":31},"end":{"line":65,"column":45}},{"start":{"line":65,"column":49},"end":{"line":65,"column":61}},{"start":{"line":65,"column":65},"end":{"line":65,"column":81}}],"line":65},"3":{"loc":{"start":{"line":67,"column":16},"end":{"line":68,"column":111}},"type":"if","locations":[{"start":{"line":67,"column":16},"end":{"line":68,"column":111}},{"start":{"line":67,"column":16},"end":{"line":68,"column":111}}],"line":67},"4":{"loc":{"start":{"line":72,"column":17},"end":{"line":98,"column":65}},"type":"if","locations":[{"start":{"line":72,"column":17},"end":{"line":98,"column":65}},{"start":{"line":72,"column":17},"end":{"line":98,"column":65}}],"line":72},"5":{"loc":{"start":{"line":74,"column":16},"end":{"line":85,"column":42}},"type":"if","locations":[{"start":{"line":74,"column":16},"end":{"line":85,"column":42}},{"start":{"line":74,"column":16},"end":{"line":85,"column":42}}],"line":74},"6":{"loc":{"start":{"line":76,"column":21},"end":{"line":85,"column":42}},"type":"if","locations":[{"start":{"line":76,"column":21},"end":{"line":85,"column":42}},{"start":{"line":76,"column":21},"end":{"line":85,"column":42}}],"line":76},"7":{"loc":{"start":{"line":77,"column":20},"end":{"line":82,"column":79}},"type":"if","locations":[{"start":{"line":77,"column":20},"end":{"line":82,"column":79}},{"start":{"line":77,"column":20},"end":{"line":82,"column":79}}],"line":77},"8":{"loc":{"start":{"line":79,"column":25},"end":{"line":82,"column":79}},"type":"if","locations":[{"start":{"line":79,"column":25},"end":{"line":82,"column":79}},{"start":{"line":79,"column":25},"end":{"line":82,"column":79}}],"line":79},"9":{"loc":{"start":{"line":87,"column":17},"end":{"line":98,"column":65}},"type":"if","locations":[{"start":{"line":87,"column":17},"end":{"line":98,"column":65}},{"start":{"line":87,"column":17},"end":{"line":98,"column":65}}],"line":87},"10":{"loc":{"start":{"line":87,"column":21},"end":{"line":90,"column":33}},"type":"binary-expr","locations":[{"start":{"line":87,"column":21},"end":{"line":87,"column":39}},{"start":{"line":87,"column":43},"end":{"line":87,"column":64}},{"start":{"line":87,"column":68},"end":{"line":87,"column":88}},{"start":{"line":88,"column":16},"end":{"line":88,"column":36}},{"start":{"line":88,"column":40},"end":{"line":88,"column":63}},{"start":{"line":88,"column":67},"end":{"line":88,"column":85}},{"start":{"line":89,"column":16},"end":{"line":89,"column":39}},{"start":{"line":89,"column":43},"end":{"line":89,"column":63}},{"start":{"line":89,"column":67},"end":{"line":89,"column":81}},{"start":{"line":90,"column":16},"end":{"line":90,"column":33}}],"line":87},"11":{"loc":{"start":{"line":92,"column":16},"end":{"line":93,"column":84}},"type":"if","locations":[{"start":{"line":92,"column":16},"end":{"line":93,"column":84}},{"start":{"line":92,"column":16},"end":{"line":93,"column":84}}],"line":92},"12":{"loc":{"start":{"line":96,"column":17},"end":{"line":98,"column":65}},"type":"if","locations":[{"start":{"line":96,"column":17},"end":{"line":98,"column":65}},{"start":{"line":96,"column":17},"end":{"line":98,"column":65}}],"line":96},"13":{"loc":{"start":{"line":96,"column":21},"end":{"line":96,"column":68}},"type":"binary-expr","locations":[{"start":{"line":96,"column":21},"end":{"line":96,"column":33}},{"start":{"line":96,"column":37},"end":{"line":96,"column":68}}],"line":96},"14":{"loc":{"start":{"line":100,"column":8},"end":{"line":117,"column":9}},"type":"if","locations":[{"start":{"line":100,"column":8},"end":{"line":117,"column":9}},{"start":{"line":100,"column":8},"end":{"line":117,"column":9}}],"line":100},"15":{"loc":{"start":{"line":105,"column":12},"end":{"line":110,"column":13}},"type":"if","locations":[{"start":{"line":105,"column":12},"end":{"line":110,"column":13}},{"start":{"line":105,"column":12},"end":{"line":110,"column":13}}],"line":105},"16":{"loc":{"start":{"line":105,"column":15},"end":{"line":105,"column":50}},"type":"binary-expr","locations":[{"start":{"line":105,"column":15},"end":{"line":105,"column":26}},{"start":{"line":105,"column":30},"end":{"line":105,"column":50}}],"line":105},"17":{"loc":{"start":{"line":108,"column":20},"end":{"line":109,"column":115}},"type":"if","locations":[{"start":{"line":108,"column":20},"end":{"line":109,"column":115}},{"start":{"line":108,"column":20},"end":{"line":109,"column":115}}],"line":108},"18":{"loc":{"start":{"line":111,"column":12},"end":{"line":116,"column":13}},"type":"if","locations":[{"start":{"line":111,"column":12},"end":{"line":116,"column":13}},{"start":{"line":111,"column":12},"end":{"line":116,"column":13}}],"line":111},"19":{"loc":{"start":{"line":111,"column":15},"end":{"line":111,"column":51}},"type":"binary-expr","locations":[{"start":{"line":111,"column":15},"end":{"line":111,"column":26}},{"start":{"line":111,"column":30},"end":{"line":111,"column":51}}],"line":111},"20":{"loc":{"start":{"line":114,"column":20},"end":{"line":115,"column":119}},"type":"if","locations":[{"start":{"line":114,"column":20},"end":{"line":115,"column":119}},{"start":{"line":114,"column":20},"end":{"line":115,"column":119}}],"line":114},"21":{"loc":{"start":{"line":124,"column":4},"end":{"line":125,"column":63}},"type":"if","locations":[{"start":{"line":124,"column":4},"end":{"line":125,"column":63}},{"start":{"line":124,"column":4},"end":{"line":125,"column":63}}],"line":124},"22":{"loc":{"start":{"line":124,"column":8},"end":{"line":124,"column":33}},"type":"binary-expr","locations":[{"start":{"line":124,"column":8},"end":{"line":124,"column":13}},{"start":{"line":124,"column":17},"end":{"line":124,"column":33}}],"line":124},"23":{"loc":{"start":{"line":132,"column":8},"end":{"line":132,"column":42}},"type":"if","locations":[{"start":{"line":132,"column":8},"end":{"line":132,"column":42}},{"start":{"line":132,"column":8},"end":{"line":132,"column":42}}],"line":132},"24":{"loc":{"start":{"line":133,"column":8},"end":{"line":136,"column":9}},"type":"if","locations":[{"start":{"line":133,"column":8},"end":{"line":136,"column":9}},{"start":{"line":133,"column":8},"end":{"line":136,"column":9}}],"line":133},"25":{"loc":{"start":{"line":133,"column":12},"end":{"line":133,"column":43}},"type":"binary-expr","locations":[{"start":{"line":133,"column":12},"end":{"line":133,"column":18}},{"start":{"line":133,"column":22},"end":{"line":133,"column":43}}],"line":133},"26":{"loc":{"start":{"line":147,"column":8},"end":{"line":150,"column":9}},"type":"if","locations":[{"start":{"line":147,"column":8},"end":{"line":150,"column":9}},{"start":{"line":147,"column":8},"end":{"line":150,"column":9}}],"line":147},"27":{"loc":{"start":{"line":147,"column":12},"end":{"line":147,"column":43}},"type":"binary-expr","locations":[{"start":{"line":147,"column":12},"end":{"line":147,"column":18}},{"start":{"line":147,"column":22},"end":{"line":147,"column":43}}],"line":147},"28":{"loc":{"start":{"line":151,"column":8},"end":{"line":153,"column":9}},"type":"if","locations":[{"start":{"line":151,"column":8},"end":{"line":153,"column":9}},{"start":{"line":151,"column":8},"end":{"line":153,"column":9}}],"line":151},"29":{"loc":{"start":{"line":162,"column":8},"end":{"line":164,"column":9}},"type":"if","locations":[{"start":{"line":162,"column":8},"end":{"line":164,"column":9}},{"start":{"line":162,"column":8},"end":{"line":164,"column":9}}],"line":162},"30":{"loc":{"start":{"line":170,"column":4},"end":{"line":170,"column":49}},"type":"if","locations":[{"start":{"line":170,"column":4},"end":{"line":170,"column":49}},{"start":{"line":170,"column":4},"end":{"line":170,"column":49}}],"line":170},"31":{"loc":{"start":{"line":170,"column":8},"end":{"line":170,"column":37}},"type":"binary-expr","locations":[{"start":{"line":170,"column":8},"end":{"line":170,"column":17}},{"start":{"line":170,"column":21},"end":{"line":170,"column":37}}],"line":170}},"s":{"0":1,"1":1,"2":1,"3":1,"4":1,"5":192,"6":1,"7":1,"8":181,"9":181,"10":181,"11":541,"12":181,"13":0,"14":181,"15":181,"16":360,"17":178,"18":0,"19":178,"20":1,"21":1,"22":0,"23":0,"24":0,"25":177,"26":182,"27":182,"28":0,"29":182,"30":0,"31":0,"32":181,"33":0,"34":181,"35":4,"36":1,"37":0,"38":181,"39":4,"40":7,"41":2,"42":179,"43":1,"44":21,"45":1,"46":22,"47":22,"48":22,"49":1,"50":39,"51":39,"52":39,"53":116,"54":27,"55":89,"56":0,"57":0,"58":89,"59":89,"60":39,"61":1,"62":1,"63":1,"64":1,"65":0,"66":0,"67":0,"68":0,"69":0,"70":0,"71":1,"72":1,"73":16,"74":16,"75":16,"76":16,"77":0,"78":1,"79":37,"80":37,"81":0,"82":0,"83":1,"84":1,"85":1,"86":1,"87":1,"88":1,"89":1},"f":{"0":192,"1":1,"2":181,"3":21,"4":1,"5":22,"6":39,"7":1,"8":16,"9":37,"10":0},"b":{"0":[72,109],"1":[181,360],"2":[541,541,540,361],"3":[0,181],"4":[178,182],"5":[0,178],"6":[1,177],"7":[1,0],"8":[0,0],"9":[182,0],"10":[182,180,180,180,179,177,177,177,177,0],"11":[0,182],"12":[0,0],"13":[0,0],"14":[0,181],"15":[4,177],"16":[181,4],"17":[0,1],"18":[4,177],"19":[181,4],"20":[2,5],"21":[22,0],"22":[22,22],"23":[27,89],"24":[0,89],"25":[89,89],"26":[0,0],"27":[0,0],"28":[0,0],"29":[16,0],"30":[37,0],"31":[37,37]},"_coverageSchema":"1a1c01bbd47fc00a2c39e90264f33305004495a9","hash":"9f4b73b598c98bb51778bf42de9a282085853103","contentHash":"2dc35e3f1c9a7f046802fba8098284e473bb2592088b78e0a259154a3b5979dc"},"/Users/liangjiaying/git/specberus/lib/profiles/TR/CR-AMENDED.js":{"path":"/Users/liangjiaying/git/specberus/lib/profiles/TR/CR-AMENDED.js","statementMap":{"0":{"start":{"line":2,"column":0},"end":{"line":2,"column":28}},"1":{"start":{"line":3,"column":0},"end":{"line":11,"column":2}},"2":{"start":{"line":13,"column":0},"end":{"line":13,"column":38}}},"fnMap":{},"branchMap":{},"s":{"0":1,"1":1,"2":1},"f":{},"b":{},"_coverageSchema":"1a1c01bbd47fc00a2c39e90264f33305004495a9","hash":"bd063e54d01987ed149d90007165120c4b7c59c6","contentHash":"87a7ebdc83931e005ef6316781dfff6289ac4537781e9684ef26b714fdbdc286"},"/Users/liangjiaying/git/specberus/lib/profiles/TR/CR.js":{"path":"/Users/liangjiaying/git/specberus/lib/profiles/TR/CR.js","statementMap":{"0":{"start":{"line":2,"column":0},"end":{"line":2,"column":20}},"1":{"start":{"line":3,"column":0},"end":{"line":11,"column":2}},"2":{"start":{"line":13,"column":11},"end":{"line":13,"column":29}},"3":{"start":{"line":14,"column":12},"end":{"line":21,"column":1}},"4":{"start":{"line":22,"column":0},"end":{"line":28,"column":1}},"5":{"start":{"line":29,"column":0},"end":{"line":36,"column":1}},"6":{"start":{"line":38,"column":0},"end":{"line":38,"column":22}}},"fnMap":{},"branchMap":{},"s":{"0":1,"1":1,"2":1,"3":1,"4":1,"5":1,"6":1},"f":{},"b":{},"_coverageSchema":"1a1c01bbd47fc00a2c39e90264f33305004495a9","hash":"8fdccea0b308780eaee61854950ccfc00a2cd148","contentHash":"085e06228765ff21a3081942126a852bda3ca2bd688624c11a5006c3948413f4"},"/Users/liangjiaying/git/specberus/lib/profiles/base.js":{"path":"/Users/liangjiaying/git/specberus/lib/profiles/base.js","statementMap":{"0":{"start":{"line":3,"column":0},"end":{"line":3,"column":22}},"1":{"start":{"line":6,"column":0},"end":{"line":18,"column":2}},"2":{"start":{"line":7,"column":4},"end":{"line":7,"column":51}},"3":{"start":{"line":8,"column":4},"end":{"line":8,"column":32}},"4":{"start":{"line":9,"column":16},"end":{"line":9,"column":77}},"5":{"start":{"line":9,"column":44},"end":{"line":9,"column":58}},"6":{"start":{"line":10,"column":4},"end":{"line":17,"column":5}},"7":{"start":{"line":10,"column":19},"end":{"line":10,"column":49}},"8":{"start":{"line":12,"column":8},"end":{"line":15,"column":11}},"9":{"start":{"line":13,"column":12},"end":{"line":13,"column":41}},"10":{"start":{"line":14,"column":12},"end":{"line":14,"column":20}},"11":{"start":{"line":16,"column":8},"end":{"line":16,"column":24}},"12":{"start":{"line":20,"column":0},"end":{"line":24,"column":2}},"13":{"start":{"line":21,"column":16},"end":{"line":21,"column":37}},"14":{"start":{"line":22,"column":4},"end":{"line":22,"column":92}},"15":{"start":{"line":22,"column":32},"end":{"line":22,"column":92}},"16":{"start":{"line":23,"column":4},"end":{"line":23,"column":17}},"17":{"start":{"line":28,"column":0},"end":{"line":38,"column":2}},"18":{"start":{"line":29,"column":4},"end":{"line":29,"column":51}},"19":{"start":{"line":30,"column":4},"end":{"line":30,"column":32}},"20":{"start":{"line":31,"column":4},"end":{"line":36,"column":7}},"21":{"start":{"line":32,"column":20},"end":{"line":32,"column":82}},"22":{"start":{"line":32,"column":51},"end":{"line":32,"column":68}},"23":{"start":{"line":33,"column":8},"end":{"line":35,"column":9}},"24":{"start":{"line":34,"column":12},"end":{"line":34,"column":38}},"25":{"start":{"line":37,"column":4},"end":{"line":37,"column":20}},"26":{"start":{"line":40,"column":0},"end":{"line":76,"column":2}}},"fnMap":{"0":{"name":"(anonymous_0)","decl":{"start":{"line":6,"column":22},"end":{"line":6,"column":23}},"loc":{"start":{"line":6,"column":57},"end":{"line":18,"column":1}},"line":6},"1":{"name":"(anonymous_1)","decl":{"start":{"line":9,"column":29},"end":{"line":9,"column":30}},"loc":{"start":{"line":9,"column":42},"end":{"line":9,"column":60}},"line":9},"2":{"name":"(anonymous_2)","decl":{"start":{"line":12,"column":22},"end":{"line":12,"column":23}},"loc":{"start":{"line":12,"column":35},"end":{"line":15,"column":9}},"line":12},"3":{"name":"(anonymous_3)","decl":{"start":{"line":20,"column":28},"end":{"line":20,"column":29}},"loc":{"start":{"line":20,"column":47},"end":{"line":24,"column":1}},"line":20},"4":{"name":"(anonymous_4)","decl":{"start":{"line":28,"column":22},"end":{"line":28,"column":23}},"loc":{"start":{"line":28,"column":49},"end":{"line":38,"column":1}},"line":28},"5":{"name":"(anonymous_5)","decl":{"start":{"line":31,"column":18},"end":{"line":31,"column":19}},"loc":{"start":{"line":31,"column":31},"end":{"line":36,"column":5}},"line":31},"6":{"name":"(anonymous_6)","decl":{"start":{"line":32,"column":33},"end":{"line":32,"column":34}},"loc":{"start":{"line":32,"column":49},"end":{"line":32,"column":70}},"line":32}},"branchMap":{"0":{"loc":{"start":{"line":7,"column":12},"end":{"line":7,"column":50}},"type":"cond-expr","locations":[{"start":{"line":7,"column":35},"end":{"line":7,"column":40}},{"start":{"line":7,"column":43},"end":{"line":7,"column":50}}],"line":7},"1":{"loc":{"start":{"line":10,"column":4},"end":{"line":17,"column":5}},"type":"if","locations":[{"start":{"line":10,"column":4},"end":{"line":17,"column":5}},{"start":{"line":10,"column":4},"end":{"line":17,"column":5}}],"line":10},"2":{"loc":{"start":{"line":29,"column":12},"end":{"line":29,"column":50}},"type":"cond-expr","locations":[{"start":{"line":29,"column":35},"end":{"line":29,"column":40}},{"start":{"line":29,"column":43},"end":{"line":29,"column":50}}],"line":29},"3":{"loc":{"start":{"line":33,"column":8},"end":{"line":35,"column":9}},"type":"if","locations":[{"start":{"line":33,"column":8},"end":{"line":35,"column":9}},{"start":{"line":33,"column":8},"end":{"line":35,"column":9}}],"line":33}},"s":{"0":1,"1":1,"2":28,"3":28,"4":28,"5":986,"6":28,"7":0,"8":28,"9":64,"10":64,"11":28,"12":1,"13":4,"14":4,"15":7,"16":4,"17":1,"18":2,"19":2,"20":2,"21":2,"22":80,"23":2,"24":2,"25":2,"26":1},"f":{"0":28,"1":986,"2":64,"3":4,"4":2,"5":2,"6":80},"b":{"0":[26,2],"1":[0,28],"2":[0,2],"3":[2,0]},"_coverageSchema":"1a1c01bbd47fc00a2c39e90264f33305004495a9","hash":"4c4d17521bc9731c4021f034fee482eebd37178e","contentHash":"70c11540f8374fe855049fed4b682390b8668fad35d447f8d8b9495c3e656594"},"/Users/liangjiaying/git/specberus/lib/rules/heuristic/shortname.js":{"path":"/Users/liangjiaying/git/specberus/lib/rules/heuristic/shortname.js","statementMap":{"0":{"start":{"line":1,"column":13},"end":{"line":1,"column":34}},"1":{"start":{"line":2,"column":13},"end":{"line":6,"column":1}},"2":{"start":{"line":8,"column":0},"end":{"line":8,"column":25}},"3":{"start":{"line":10,"column":0},"end":{"line":48,"column":2}},"4":{"start":{"line":11,"column":13},"end":{"line":11,"column":60}},"5":{"start":{"line":12,"column":18},"end":{"line":12,"column":42}},"6":{"start":{"line":13,"column":19},"end":{"line":13,"column":23}},"7":{"start":{"line":16,"column":4},"end":{"line":17,"column":61}},"8":{"start":{"line":16,"column":30},"end":{"line":16,"column":54}},"9":{"start":{"line":17,"column":9},"end":{"line":17,"column":61}},"10":{"start":{"line":17,"column":33},"end":{"line":17,"column":61}},"11":{"start":{"line":19,"column":27},"end":{"line":32,"column":5}},"12":{"start":{"line":21,"column":8},"end":{"line":30,"column":11}},"13":{"start":{"line":22,"column":22},"end":{"line":25,"column":50}},"14":{"start":{"line":26,"column":21},"end":{"line":26,"column":40}},"15":{"start":{"line":28,"column":12},"end":{"line":29,"column":59}},"16":{"start":{"line":29,"column":16},"end":{"line":29,"column":59}},"17":{"start":{"line":31,"column":8},"end":{"line":31,"column":28}},"18":{"start":{"line":34,"column":19},"end":{"line":34,"column":39}},"19":{"start":{"line":35,"column":4},"end":{"line":44,"column":38}},"20":{"start":{"line":36,"column":22},"end":{"line":36,"column":84}},"21":{"start":{"line":37,"column":22},"end":{"line":37,"column":93}},"22":{"start":{"line":38,"column":12},"end":{"line":41,"column":13}},"23":{"start":{"line":39,"column":25},"end":{"line":39,"column":35}},"24":{"start":{"line":40,"column":16},"end":{"line":40,"column":45}},"25":{"start":{"line":44,"column":8},"end":{"line":44,"column":38}},"26":{"start":{"line":46,"column":4},"end":{"line":46,"column":18}}},"fnMap":{"0":{"name":"(anonymous_0)","decl":{"start":{"line":10,"column":16},"end":{"line":10,"column":17}},"loc":{"start":{"line":10,"column":36},"end":{"line":48,"column":1}},"line":10},"1":{"name":"(anonymous_1)","decl":{"start":{"line":19,"column":27},"end":{"line":19,"column":28}},"loc":{"start":{"line":19,"column":41},"end":{"line":32,"column":5}},"line":19},"2":{"name":"(anonymous_2)","decl":{"start":{"line":21,"column":42},"end":{"line":21,"column":43}},"loc":{"start":{"line":21,"column":56},"end":{"line":30,"column":9}},"line":21}},"branchMap":{"0":{"loc":{"start":{"line":16,"column":4},"end":{"line":17,"column":61}},"type":"if","locations":[{"start":{"line":16,"column":4},"end":{"line":17,"column":61}},{"start":{"line":16,"column":4},"end":{"line":17,"column":61}}],"line":16},"1":{"loc":{"start":{"line":17,"column":9},"end":{"line":17,"column":61}},"type":"if","locations":[{"start":{"line":17,"column":9},"end":{"line":17,"column":61}},{"start":{"line":17,"column":9},"end":{"line":17,"column":61}}],"line":17},"2":{"loc":{"start":{"line":28,"column":12},"end":{"line":29,"column":59}},"type":"if","locations":[{"start":{"line":28,"column":12},"end":{"line":29,"column":59}},{"start":{"line":28,"column":12},"end":{"line":29,"column":59}}],"line":28},"3":{"loc":{"start":{"line":29,"column":31},"end":{"line":29,"column":58}},"type":"binary-expr","locations":[{"start":{"line":29,"column":31},"end":{"line":29,"column":33}},{"start":{"line":29,"column":37},"end":{"line":29,"column":58}}],"line":29},"4":{"loc":{"start":{"line":35,"column":4},"end":{"line":44,"column":38}},"type":"if","locations":[{"start":{"line":35,"column":4},"end":{"line":44,"column":38}},{"start":{"line":35,"column":4},"end":{"line":44,"column":38}}],"line":35},"5":{"loc":{"start":{"line":35,"column":8},"end":{"line":35,"column":56}},"type":"binary-expr","locations":[{"start":{"line":35,"column":8},"end":{"line":35,"column":16}},{"start":{"line":35,"column":20},"end":{"line":35,"column":56}}],"line":35},"6":{"loc":{"start":{"line":37,"column":23},"end":{"line":37,"column":58}},"type":"binary-expr","locations":[{"start":{"line":37,"column":23},"end":{"line":37,"column":52}},{"start":{"line":37,"column":56},"end":{"line":37,"column":58}}],"line":37},"7":{"loc":{"start":{"line":38,"column":12},"end":{"line":41,"column":13}},"type":"if","locations":[{"start":{"line":38,"column":12},"end":{"line":41,"column":13}},{"start":{"line":38,"column":12},"end":{"line":41,"column":13}}],"line":38}},"s":{"0":1,"1":1,"2":1,"3":1,"4":3,"5":3,"6":3,"7":3,"8":0,"9":3,"10":0,"11":3,"12":3,"13":16,"14":16,"15":16,"16":3,"17":3,"18":3,"19":3,"20":3,"21":3,"22":3,"23":3,"24":3,"25":0,"26":3},"f":{"0":3,"1":3,"2":16},"b":{"0":[0,3],"1":[0,3],"2":[3,13],"3":[3,3],"4":[3,0],"5":[3,3],"6":[3,0],"7":[3,0]},"_coverageSchema":"1a1c01bbd47fc00a2c39e90264f33305004495a9","hash":"57725255c74212ef84d9ca1ecc5115a26b20ea6f","contentHash":"3990405f5d2364da57e6a9357bcfdef30d423f5fb7d442795863a690541181be"},"/Users/liangjiaying/git/specberus/lib/rules/headers/title.js":{"path":"/Users/liangjiaying/git/specberus/lib/rules/headers/title.js","statementMap":{"0":{"start":{"line":3,"column":13},"end":{"line":7,"column":1}},"1":{"start":{"line":9,"column":0},"end":{"line":9,"column":25}},"2":{"start":{"line":11,"column":0},"end":{"line":13,"column":2}},"3":{"start":{"line":12,"column":4},"end":{"line":12,"column":49}}},"fnMap":{"0":{"name":"(anonymous_0)","decl":{"start":{"line":11,"column":16},"end":{"line":11,"column":17}},"loc":{"start":{"line":11,"column":36},"end":{"line":13,"column":1}},"line":11}},"branchMap":{},"s":{"0":1,"1":1,"2":1,"3":3},"f":{"0":3},"b":{},"_coverageSchema":"1a1c01bbd47fc00a2c39e90264f33305004495a9","hash":"d0c3a12ea5c162e05518065cf5a5875a0d7320bc","contentHash":"2e4831a8aa63d8ee42d0883340b3fd8a26259b9e4e1b43fa2a2a33555e4258d2"},"/Users/liangjiaying/git/specberus/lib/rules/headers/div-head.js":{"path":"/Users/liangjiaying/git/specberus/lib/rules/headers/div-head.js","statementMap":{"0":{"start":{"line":3,"column":13},"end":{"line":7,"column":1}},"1":{"start":{"line":9,"column":0},"end":{"line":9,"column":25}},"2":{"start":{"line":11,"column":0},"end":{"line":13,"column":2}},"3":{"start":{"line":12,"column":4},"end":{"line":12,"column":50}}},"fnMap":{"0":{"name":"(anonymous_0)","decl":{"start":{"line":11,"column":16},"end":{"line":11,"column":17}},"loc":{"start":{"line":11,"column":36},"end":{"line":13,"column":1}},"line":11}},"branchMap":{},"s":{"0":1,"1":1,"2":1,"3":3},"f":{"0":3},"b":{},"_coverageSchema":"1a1c01bbd47fc00a2c39e90264f33305004495a9","hash":"6c9a91b42224bddf920e927c1b7cb925ae695cdb","contentHash":"d794a8e6350ecc8691799b7ef02ada0af1ecc14c437ef97c7532c8acd9893c45"},"/Users/liangjiaying/git/specberus/lib/rules/headers/hr.js":{"path":"/Users/liangjiaying/git/specberus/lib/rules/headers/hr.js","statementMap":{"0":{"start":{"line":1,"column":13},"end":{"line":5,"column":1}},"1":{"start":{"line":7,"column":0},"end":{"line":7,"column":25}},"2":{"start":{"line":9,"column":0},"end":{"line":19,"column":2}},"3":{"start":{"line":10,"column":26},"end":{"line":10,"column":102}},"4":{"start":{"line":11,"column":28},"end":{"line":11,"column":93}},"5":{"start":{"line":12,"column":4},"end":{"line":17,"column":5}},"6":{"start":{"line":13,"column":8},"end":{"line":13,"column":36}},"7":{"start":{"line":15,"column":9},"end":{"line":17,"column":5}},"8":{"start":{"line":16,"column":8},"end":{"line":16,"column":36}},"9":{"start":{"line":18,"column":4},"end":{"line":18,"column":11}}},"fnMap":{"0":{"name":"(anonymous_0)","decl":{"start":{"line":9,"column":16},"end":{"line":9,"column":17}},"loc":{"start":{"line":9,"column":36},"end":{"line":19,"column":1}},"line":9}},"branchMap":{"0":{"loc":{"start":{"line":12,"column":4},"end":{"line":17,"column":5}},"type":"if","locations":[{"start":{"line":12,"column":4},"end":{"line":17,"column":5}},{"start":{"line":12,"column":4},"end":{"line":17,"column":5}}],"line":12},"1":{"loc":{"start":{"line":12,"column":8},"end":{"line":12,"column":42}},"type":"binary-expr","locations":[{"start":{"line":12,"column":8},"end":{"line":12,"column":22}},{"start":{"line":12,"column":26},"end":{"line":12,"column":42}}],"line":12},"2":{"loc":{"start":{"line":15,"column":9},"end":{"line":17,"column":5}},"type":"if","locations":[{"start":{"line":15,"column":9},"end":{"line":17,"column":5}},{"start":{"line":15,"column":9},"end":{"line":17,"column":5}}],"line":15},"3":{"loc":{"start":{"line":15,"column":13},"end":{"line":15,"column":49}},"type":"binary-expr","locations":[{"start":{"line":15,"column":13},"end":{"line":15,"column":28}},{"start":{"line":15,"column":32},"end":{"line":15,"column":49}}],"line":15}},"s":{"0":1,"1":1,"2":1,"3":5,"4":5,"5":5,"6":0,"7":5,"8":2,"9":5},"f":{"0":5},"b":{"0":[0,5],"1":[5,2],"2":[2,3],"3":[5,3]},"_coverageSchema":"1a1c01bbd47fc00a2c39e90264f33305004495a9","hash":"227a4ef013989b51dba26823451b09bba14fc6b6","contentHash":"f6df8df8b4f200a6386384e4ee033c5bed580e0b9f5a94d5aa287c3b292428eb"},"/Users/liangjiaying/git/specberus/lib/rules/headers/logo.js":{"path":"/Users/liangjiaying/git/specberus/lib/rules/headers/logo.js","statementMap":{"0":{"start":{"line":1,"column":13},"end":{"line":5,"column":1}},"1":{"start":{"line":7,"column":0},"end":{"line":7,"column":25}},"2":{"start":{"line":9,"column":0},"end":{"line":17,"column":2}},"3":{"start":{"line":10,"column":15},"end":{"line":10,"column":114}},"4":{"start":{"line":11,"column":4},"end":{"line":15,"column":5}},"5":{"start":{"line":14,"column":8},"end":{"line":14,"column":36}},"6":{"start":{"line":16,"column":4},"end":{"line":16,"column":11}}},"fnMap":{"0":{"name":"(anonymous_0)","decl":{"start":{"line":9,"column":16},"end":{"line":9,"column":17}},"loc":{"start":{"line":9,"column":36},"end":{"line":17,"column":1}},"line":9}},"branchMap":{"0":{"loc":{"start":{"line":11,"column":4},"end":{"line":15,"column":5}},"type":"if","locations":[{"start":{"line":11,"column":4},"end":{"line":15,"column":5}},{"start":{"line":11,"column":4},"end":{"line":15,"column":5}}],"line":11},"1":{"loc":{"start":{"line":11,"column":8},"end":{"line":13,"column":87}},"type":"binary-expr","locations":[{"start":{"line":11,"column":8},"end":{"line":11,"column":13}},{"start":{"line":12,"column":8},"end":{"line":12,"column":105}},{"start":{"line":13,"column":8},"end":{"line":13,"column":87}}],"line":11}},"s":{"0":1,"1":1,"2":1,"3":4,"4":4,"5":1,"6":4},"f":{"0":4},"b":{"0":[1,3],"1":[4,3,3]},"_coverageSchema":"1a1c01bbd47fc00a2c39e90264f33305004495a9","hash":"9c48c7be3dbc1d78d7e4e7fd36ef0e92c459172d","contentHash":"d00ca15cc0230719fb52f898cc306e025a55a453a29e06646d8cb709e5c73c9e"},"/Users/liangjiaying/git/specberus/lib/rules/headers/h1-title.js":{"path":"/Users/liangjiaying/git/specberus/lib/rules/headers/h1-title.js","statementMap":{"0":{"start":{"line":3,"column":13},"end":{"line":7,"column":1}},"1":{"start":{"line":9,"column":0},"end":{"line":9,"column":25}},"2":{"start":{"line":11,"column":0},"end":{"line":19,"column":2}},"3":{"start":{"line":12,"column":16},"end":{"line":12,"column":59}},"4":{"start":{"line":13,"column":13},"end":{"line":13,"column":60}},"5":{"start":{"line":15,"column":4},"end":{"line":17,"column":5}},"6":{"start":{"line":16,"column":8},"end":{"line":16,"column":32}},"7":{"start":{"line":18,"column":4},"end":{"line":18,"column":11}}},"fnMap":{"0":{"name":"(anonymous_0)","decl":{"start":{"line":11,"column":16},"end":{"line":11,"column":17}},"loc":{"start":{"line":11,"column":36},"end":{"line":19,"column":1}},"line":11}},"branchMap":{"0":{"loc":{"start":{"line":15,"column":4},"end":{"line":17,"column":5}},"type":"if","locations":[{"start":{"line":15,"column":4},"end":{"line":17,"column":5}},{"start":{"line":15,"column":4},"end":{"line":17,"column":5}}],"line":15},"1":{"loc":{"start":{"line":15,"column":8},"end":{"line":15,"column":79}},"type":"binary-expr","locations":[{"start":{"line":15,"column":8},"end":{"line":15,"column":14}},{"start":{"line":15,"column":18},"end":{"line":15,"column":21}},{"start":{"line":15,"column":25},"end":{"line":15,"column":79}}],"line":15}},"s":{"0":1,"1":1,"2":1,"3":4,"4":4,"5":4,"6":2,"7":4},"f":{"0":4},"b":{"0":[2,2],"1":[4,3,2]},"_coverageSchema":"1a1c01bbd47fc00a2c39e90264f33305004495a9","hash":"8cc823688312e3233b8063f2dd1f858ade01577b","contentHash":"934e6fb4750653c424ddc52a671bbfbd1fbec25f0c2719253f5838fdac32a34b"},"/Users/liangjiaying/git/specberus/lib/rules/headers/dl.js":{"path":"/Users/liangjiaying/git/specberus/lib/rules/headers/dl.js","statementMap":{"0":{"start":{"line":8,"column":19},"end":{"line":8,"column":37}},"1":{"start":{"line":9,"column":10},"end":{"line":9,"column":28}},"2":{"start":{"line":10,"column":16},"end":{"line":10,"column":32}},"3":{"start":{"line":13,"column":13},"end":{"line":17,"column":5}},"4":{"start":{"line":18,"column":16},"end":{"line":22,"column":1}},"5":{"start":{"line":23,"column":18},"end":{"line":27,"column":1}},"6":{"start":{"line":28,"column":20},"end":{"line":32,"column":1}},"7":{"start":{"line":35,"column":0},"end":{"line":35,"column":25}},"8":{"start":{"line":37,"column":0},"end":{"line":258,"column":2}},"9":{"start":{"line":39,"column":23},"end":{"line":39,"column":48}},"10":{"start":{"line":40,"column":19},"end":{"line":40,"column":37}},"11":{"start":{"line":41,"column":20},"end":{"line":41,"column":39}},"12":{"start":{"line":42,"column":21},"end":{"line":42,"column":41}},"13":{"start":{"line":43,"column":18},"end":{"line":43,"column":42}},"14":{"start":{"line":44,"column":19},"end":{"line":44,"column":23}},"15":{"start":{"line":45,"column":18},"end":{"line":45,"column":20}},"16":{"start":{"line":46,"column":22},"end":{"line":46,"column":24}},"17":{"start":{"line":47,"column":20},"end":{"line":47,"column":22}},"18":{"start":{"line":50,"column":16},"end":{"line":62,"column":5}},"19":{"start":{"line":51,"column":8},"end":{"line":61,"column":11}},"20":{"start":{"line":52,"column":12},"end":{"line":60,"column":15}},"21":{"start":{"line":53,"column":16},"end":{"line":59,"column":35}},"22":{"start":{"line":54,"column":20},"end":{"line":54,"column":106}},"23":{"start":{"line":56,"column":21},"end":{"line":59,"column":35}},"24":{"start":{"line":57,"column":20},"end":{"line":57,"column":115}},"25":{"start":{"line":59,"column":21},"end":{"line":59,"column":35}},"26":{"start":{"line":64,"column":4},"end":{"line":65,"column":61}},"27":{"start":{"line":64,"column":30},"end":{"line":64,"column":54}},"28":{"start":{"line":65,"column":9},"end":{"line":65,"column":61}},"29":{"start":{"line":65,"column":33},"end":{"line":65,"column":61}},"30":{"start":{"line":67,"column":14},"end":{"line":67,"column":80}},"31":{"start":{"line":68,"column":4},"end":{"line":68,"column":50}},"32":{"start":{"line":68,"column":19},"end":{"line":68,"column":50}},"33":{"start":{"line":69,"column":4},"end":{"line":69,"column":54}},"34":{"start":{"line":69,"column":21},"end":{"line":69,"column":54}},"35":{"start":{"line":70,"column":4},"end":{"line":70,"column":74}},"36":{"start":{"line":70,"column":39},"end":{"line":70,"column":74}},"37":{"start":{"line":71,"column":4},"end":{"line":71,"column":79}},"38":{"start":{"line":71,"column":39},"end":{"line":71,"column":79}},"39":{"start":{"line":72,"column":4},"end":{"line":72,"column":62}},"40":{"start":{"line":72,"column":35},"end":{"line":72,"column":62}},"41":{"start":{"line":73,"column":4},"end":{"line":73,"column":75}},"42":{"start":{"line":73,"column":35},"end":{"line":73,"column":75}},"43":{"start":{"line":74,"column":4},"end":{"line":74,"column":65}},"44":{"start":{"line":74,"column":37},"end":{"line":74,"column":65}},"45":{"start":{"line":75,"column":4},"end":{"line":75,"column":78}},"46":{"start":{"line":75,"column":37},"end":{"line":75,"column":78}},"47":{"start":{"line":76,"column":4},"end":{"line":76,"column":68}},"48":{"start":{"line":76,"column":39},"end":{"line":76,"column":68}},"49":{"start":{"line":77,"column":4},"end":{"line":77,"column":81}},"50":{"start":{"line":77,"column":39},"end":{"line":77,"column":81}},"51":{"start":{"line":79,"column":4},"end":{"line":79,"column":101}},"52":{"start":{"line":79,"column":65},"end":{"line":79,"column":101}},"53":{"start":{"line":80,"column":4},"end":{"line":80,"column":113}},"54":{"start":{"line":80,"column":73},"end":{"line":80,"column":113}},"55":{"start":{"line":81,"column":4},"end":{"line":81,"column":113}},"56":{"start":{"line":81,"column":73},"end":{"line":81,"column":113}},"57":{"start":{"line":82,"column":4},"end":{"line":82,"column":116}},"58":{"start":{"line":82,"column":75},"end":{"line":82,"column":116}},"59":{"start":{"line":83,"column":4},"end":{"line":83,"column":119}},"60":{"start":{"line":83,"column":77},"end":{"line":83,"column":119}},"61":{"start":{"line":88,"column":26},"end":{"line":88,"column":31}},"62":{"start":{"line":90,"column":4},"end":{"line":123,"column":5}},"63":{"start":{"line":91,"column":23},"end":{"line":91,"column":53}},"64":{"start":{"line":92,"column":8},"end":{"line":93,"column":40}},"65":{"start":{"line":93,"column":12},"end":{"line":93,"column":40}},"66":{"start":{"line":95,"column":23},"end":{"line":99,"column":60}},"67":{"start":{"line":100,"column":8},"end":{"line":100,"column":91}},"68":{"start":{"line":101,"column":22},"end":{"line":101,"column":42}},"69":{"start":{"line":102,"column":8},"end":{"line":122,"column":48}},"70":{"start":{"line":103,"column":12},"end":{"line":103,"column":33}},"71":{"start":{"line":104,"column":23},"end":{"line":104,"column":37}},"72":{"start":{"line":105,"column":24},"end":{"line":105,"column":38}},"73":{"start":{"line":106,"column":24},"end":{"line":106,"column":38}},"74":{"start":{"line":107,"column":22},"end":{"line":107,"column":36}},"75":{"start":{"line":109,"column":12},"end":{"line":109,"column":35}},"76":{"start":{"line":110,"column":28},"end":{"line":110,"column":41}},"77":{"start":{"line":111,"column":32},"end":{"line":111,"column":43}},"78":{"start":{"line":112,"column":12},"end":{"line":112,"column":87}},"79":{"start":{"line":113,"column":12},"end":{"line":120,"column":45}},"80":{"start":{"line":114,"column":16},"end":{"line":118,"column":49}},"81":{"start":{"line":118,"column":21},"end":{"line":118,"column":49}},"82":{"start":{"line":120,"column":17},"end":{"line":120,"column":45}},"83":{"start":{"line":122,"column":13},"end":{"line":122,"column":48}},"84":{"start":{"line":127,"column":4},"end":{"line":146,"column":5}},"85":{"start":{"line":128,"column":23},"end":{"line":128,"column":55}},"86":{"start":{"line":129,"column":8},"end":{"line":130,"column":42}},"87":{"start":{"line":130,"column":12},"end":{"line":130,"column":42}},"88":{"start":{"line":132,"column":22},"end":{"line":132,"column":83}},"89":{"start":{"line":133,"column":8},"end":{"line":133,"column":90}},"90":{"start":{"line":134,"column":8},"end":{"line":145,"column":52}},"91":{"start":{"line":135,"column":12},"end":{"line":135,"column":28}},"92":{"start":{"line":137,"column":12},"end":{"line":141,"column":13}},"93":{"start":{"line":138,"column":16},"end":{"line":138,"column":49}},"94":{"start":{"line":139,"column":19},"end":{"line":141,"column":13}},"95":{"start":{"line":140,"column":16},"end":{"line":140,"column":71}},"96":{"start":{"line":142,"column":12},"end":{"line":143,"column":56}},"97":{"start":{"line":143,"column":16},"end":{"line":143,"column":56}},"98":{"start":{"line":145,"column":13},"end":{"line":145,"column":52}},"99":{"start":{"line":148,"column":4},"end":{"line":165,"column":5}},"100":{"start":{"line":149,"column":23},"end":{"line":149,"column":57}},"101":{"start":{"line":150,"column":8},"end":{"line":151,"column":44}},"102":{"start":{"line":151,"column":12},"end":{"line":151,"column":44}},"103":{"start":{"line":153,"column":24},"end":{"line":153,"column":87}},"104":{"start":{"line":154,"column":8},"end":{"line":154,"column":78}},"105":{"start":{"line":155,"column":8},"end":{"line":164,"column":56}},"106":{"start":{"line":156,"column":12},"end":{"line":157,"column":59}},"107":{"start":{"line":157,"column":16},"end":{"line":157,"column":59}},"108":{"start":{"line":158,"column":12},"end":{"line":158,"column":47}},"109":{"start":{"line":159,"column":12},"end":{"line":159,"column":55}},"110":{"start":{"line":160,"column":12},"end":{"line":162,"column":13}},"111":{"start":{"line":161,"column":16},"end":{"line":161,"column":60}},"112":{"start":{"line":164,"column":13},"end":{"line":164,"column":56}},"113":{"start":{"line":167,"column":4},"end":{"line":177,"column":5}},"114":{"start":{"line":168,"column":23},"end":{"line":168,"column":57}},"115":{"start":{"line":169,"column":8},"end":{"line":169,"column":113}},"116":{"start":{"line":169,"column":81},"end":{"line":169,"column":113}},"117":{"start":{"line":171,"column":8},"end":{"line":171,"column":127}},"118":{"start":{"line":172,"column":8},"end":{"line":176,"column":47}},"119":{"start":{"line":173,"column":12},"end":{"line":173,"column":28}},"120":{"start":{"line":174,"column":12},"end":{"line":174,"column":76}},"121":{"start":{"line":174,"column":34},"end":{"line":174,"column":76}},"122":{"start":{"line":176,"column":13},"end":{"line":176,"column":47}},"123":{"start":{"line":179,"column":4},"end":{"line":189,"column":5}},"124":{"start":{"line":180,"column":23},"end":{"line":180,"column":58}},"125":{"start":{"line":181,"column":8},"end":{"line":181,"column":114}},"126":{"start":{"line":181,"column":81},"end":{"line":181,"column":114}},"127":{"start":{"line":183,"column":8},"end":{"line":183,"column":127}},"128":{"start":{"line":184,"column":8},"end":{"line":188,"column":48}},"129":{"start":{"line":185,"column":12},"end":{"line":185,"column":28}},"130":{"start":{"line":186,"column":12},"end":{"line":186,"column":77}},"131":{"start":{"line":186,"column":34},"end":{"line":186,"column":77}},"132":{"start":{"line":188,"column":13},"end":{"line":188,"column":48}},"133":{"start":{"line":191,"column":4},"end":{"line":201,"column":5}},"134":{"start":{"line":192,"column":23},"end":{"line":192,"column":59}},"135":{"start":{"line":193,"column":8},"end":{"line":193,"column":115}},"136":{"start":{"line":193,"column":81},"end":{"line":193,"column":115}},"137":{"start":{"line":195,"column":8},"end":{"line":195,"column":127}},"138":{"start":{"line":196,"column":8},"end":{"line":200,"column":49}},"139":{"start":{"line":197,"column":12},"end":{"line":197,"column":28}},"140":{"start":{"line":198,"column":12},"end":{"line":198,"column":78}},"141":{"start":{"line":198,"column":34},"end":{"line":198,"column":78}},"142":{"start":{"line":200,"column":13},"end":{"line":200,"column":49}},"143":{"start":{"line":203,"column":20},"end":{"line":203,"column":79}},"144":{"start":{"line":204,"column":4},"end":{"line":212,"column":5}},"145":{"start":{"line":205,"column":24},"end":{"line":205,"column":113}},"146":{"start":{"line":206,"column":8},"end":{"line":206,"column":76}},"147":{"start":{"line":206,"column":38},"end":{"line":206,"column":76}},"148":{"start":{"line":207,"column":8},"end":{"line":209,"column":9}},"149":{"start":{"line":208,"column":12},"end":{"line":208,"column":75}},"150":{"start":{"line":210,"column":11},"end":{"line":212,"column":5}},"151":{"start":{"line":211,"column":8},"end":{"line":211,"column":46}},"152":{"start":{"line":214,"column":4},"end":{"line":219,"column":5}},"153":{"start":{"line":215,"column":27},"end":{"line":215,"column":110}},"154":{"start":{"line":216,"column":8},"end":{"line":218,"column":9}},"155":{"start":{"line":217,"column":12},"end":{"line":217,"column":82}},"156":{"start":{"line":221,"column":4},"end":{"line":223,"column":5}},"157":{"start":{"line":222,"column":8},"end":{"line":222,"column":49}},"158":{"start":{"line":225,"column":4},"end":{"line":256,"column":5}},"159":{"start":{"line":226,"column":8},"end":{"line":226,"column":15}},"160":{"start":{"line":229,"column":8},"end":{"line":255,"column":11}},"161":{"start":{"line":230,"column":12},"end":{"line":250,"column":13}},"162":{"start":{"line":231,"column":16},"end":{"line":231,"column":48}},"163":{"start":{"line":233,"column":17},"end":{"line":250,"column":13}},"164":{"start":{"line":235,"column":28},"end":{"line":235,"column":48}},"165":{"start":{"line":236,"column":33},"end":{"line":236,"column":54}},"166":{"start":{"line":238,"column":31},"end":{"line":238,"column":75}},"167":{"start":{"line":239,"column":32},"end":{"line":239,"column":59}},"168":{"start":{"line":240,"column":16},"end":{"line":249,"column":17}},"169":{"start":{"line":246,"column":22},"end":{"line":246,"column":63}},"170":{"start":{"line":248,"column":20},"end":{"line":248,"column":61}},"171":{"start":{"line":251,"column":12},"end":{"line":251,"column":19}},"172":{"start":{"line":253,"column":12},"end":{"line":253,"column":44}},"173":{"start":{"line":254,"column":12},"end":{"line":254,"column":19}}},"fnMap":{"0":{"name":"(anonymous_0)","decl":{"start":{"line":37,"column":16},"end":{"line":37,"column":17}},"loc":{"start":{"line":37,"column":36},"end":{"line":258,"column":1}},"line":37},"1":{"name":"(anonymous_1)","decl":{"start":{"line":50,"column":16},"end":{"line":50,"column":17}},"loc":{"start":{"line":50,"column":30},"end":{"line":62,"column":5}},"line":50},"2":{"name":"(anonymous_2)","decl":{"start":{"line":51,"column":32},"end":{"line":51,"column":33}},"loc":{"start":{"line":51,"column":59},"end":{"line":61,"column":9}},"line":51},"3":{"name":"(anonymous_3)","decl":{"start":{"line":52,"column":29},"end":{"line":52,"column":30}},"loc":{"start":{"line":52,"column":62},"end":{"line":60,"column":13}},"line":52},"4":{"name":"(anonymous_4)","decl":{"start":{"line":229,"column":70},"end":{"line":229,"column":71}},"loc":{"start":{"line":229,"column":88},"end":{"line":252,"column":9}},"line":229},"5":{"name":"(anonymous_5)","decl":{"start":{"line":252,"column":11},"end":{"line":252,"column":12}},"loc":{"start":{"line":252,"column":22},"end":{"line":255,"column":9}},"line":252}},"branchMap":{"0":{"loc":{"start":{"line":53,"column":16},"end":{"line":59,"column":35}},"type":"if","locations":[{"start":{"line":53,"column":16},"end":{"line":59,"column":35}},{"start":{"line":53,"column":16},"end":{"line":59,"column":35}}],"line":53},"1":{"loc":{"start":{"line":56,"column":21},"end":{"line":59,"column":35}},"type":"if","locations":[{"start":{"line":56,"column":21},"end":{"line":59,"column":35}},{"start":{"line":56,"column":21},"end":{"line":59,"column":35}}],"line":56},"2":{"loc":{"start":{"line":64,"column":4},"end":{"line":65,"column":61}},"type":"if","locations":[{"start":{"line":64,"column":4},"end":{"line":65,"column":61}},{"start":{"line":64,"column":4},"end":{"line":65,"column":61}}],"line":64},"3":{"loc":{"start":{"line":65,"column":9},"end":{"line":65,"column":61}},"type":"if","locations":[{"start":{"line":65,"column":9},"end":{"line":65,"column":61}},{"start":{"line":65,"column":9},"end":{"line":65,"column":61}}],"line":65},"4":{"loc":{"start":{"line":68,"column":4},"end":{"line":68,"column":50}},"type":"if","locations":[{"start":{"line":68,"column":4},"end":{"line":68,"column":50}},{"start":{"line":68,"column":4},"end":{"line":68,"column":50}}],"line":68},"5":{"loc":{"start":{"line":69,"column":4},"end":{"line":69,"column":54}},"type":"if","locations":[{"start":{"line":69,"column":4},"end":{"line":69,"column":54}},{"start":{"line":69,"column":4},"end":{"line":69,"column":54}}],"line":69},"6":{"loc":{"start":{"line":70,"column":4},"end":{"line":70,"column":74}},"type":"if","locations":[{"start":{"line":70,"column":4},"end":{"line":70,"column":74}},{"start":{"line":70,"column":4},"end":{"line":70,"column":74}}],"line":70},"7":{"loc":{"start":{"line":70,"column":8},"end":{"line":70,"column":37}},"type":"binary-expr","locations":[{"start":{"line":70,"column":8},"end":{"line":70,"column":20}},{"start":{"line":70,"column":24},"end":{"line":70,"column":37}}],"line":70},"8":{"loc":{"start":{"line":71,"column":4},"end":{"line":71,"column":79}},"type":"if","locations":[{"start":{"line":71,"column":4},"end":{"line":71,"column":79}},{"start":{"line":71,"column":4},"end":{"line":71,"column":79}}],"line":71},"9":{"loc":{"start":{"line":71,"column":8},"end":{"line":71,"column":37}},"type":"binary-expr","locations":[{"start":{"line":71,"column":8},"end":{"line":71,"column":21}},{"start":{"line":71,"column":25},"end":{"line":71,"column":37}}],"line":71},"10":{"loc":{"start":{"line":72,"column":4},"end":{"line":72,"column":62}},"type":"if","locations":[{"start":{"line":72,"column":4},"end":{"line":72,"column":62}},{"start":{"line":72,"column":4},"end":{"line":72,"column":62}}],"line":72},"11":{"loc":{"start":{"line":72,"column":8},"end":{"line":72,"column":33}},"type":"binary-expr","locations":[{"start":{"line":72,"column":8},"end":{"line":72,"column":16}},{"start":{"line":72,"column":20},"end":{"line":72,"column":33}}],"line":72},"12":{"loc":{"start":{"line":73,"column":4},"end":{"line":73,"column":75}},"type":"if","locations":[{"start":{"line":73,"column":4},"end":{"line":73,"column":75}},{"start":{"line":73,"column":4},"end":{"line":73,"column":75}}],"line":73},"13":{"loc":{"start":{"line":73,"column":8},"end":{"line":73,"column":33}},"type":"binary-expr","locations":[{"start":{"line":73,"column":8},"end":{"line":73,"column":17}},{"start":{"line":73,"column":21},"end":{"line":73,"column":33}}],"line":73},"14":{"loc":{"start":{"line":74,"column":4},"end":{"line":74,"column":65}},"type":"if","locations":[{"start":{"line":74,"column":4},"end":{"line":74,"column":65}},{"start":{"line":74,"column":4},"end":{"line":74,"column":65}}],"line":74},"15":{"loc":{"start":{"line":74,"column":8},"end":{"line":74,"column":35}},"type":"binary-expr","locations":[{"start":{"line":74,"column":8},"end":{"line":74,"column":17}},{"start":{"line":74,"column":21},"end":{"line":74,"column":35}}],"line":74},"16":{"loc":{"start":{"line":75,"column":4},"end":{"line":75,"column":78}},"type":"if","locations":[{"start":{"line":75,"column":4},"end":{"line":75,"column":78}},{"start":{"line":75,"column":4},"end":{"line":75,"column":78}}],"line":75},"17":{"loc":{"start":{"line":75,"column":8},"end":{"line":75,"column":35}},"type":"binary-expr","locations":[{"start":{"line":75,"column":8},"end":{"line":75,"column":18}},{"start":{"line":75,"column":22},"end":{"line":75,"column":35}}],"line":75},"18":{"loc":{"start":{"line":76,"column":4},"end":{"line":76,"column":68}},"type":"if","locations":[{"start":{"line":76,"column":4},"end":{"line":76,"column":68}},{"start":{"line":76,"column":4},"end":{"line":76,"column":68}}],"line":76},"19":{"loc":{"start":{"line":76,"column":8},"end":{"line":76,"column":37}},"type":"binary-expr","locations":[{"start":{"line":76,"column":8},"end":{"line":76,"column":18}},{"start":{"line":76,"column":22},"end":{"line":76,"column":37}}],"line":76},"20":{"loc":{"start":{"line":77,"column":4},"end":{"line":77,"column":81}},"type":"if","locations":[{"start":{"line":77,"column":4},"end":{"line":77,"column":81}},{"start":{"line":77,"column":4},"end":{"line":77,"column":81}}],"line":77},"21":{"loc":{"start":{"line":77,"column":8},"end":{"line":77,"column":37}},"type":"binary-expr","locations":[{"start":{"line":77,"column":8},"end":{"line":77,"column":19}},{"start":{"line":77,"column":23},"end":{"line":77,"column":37}}],"line":77},"22":{"loc":{"start":{"line":79,"column":4},"end":{"line":79,"column":101}},"type":"if","locations":[{"start":{"line":79,"column":4},"end":{"line":79,"column":101}},{"start":{"line":79,"column":4},"end":{"line":79,"column":101}}],"line":79},"23":{"loc":{"start":{"line":79,"column":8},"end":{"line":79,"column":63}},"type":"binary-expr","locations":[{"start":{"line":79,"column":8},"end":{"line":79,"column":16}},{"start":{"line":79,"column":20},"end":{"line":79,"column":30}},{"start":{"line":79,"column":34},"end":{"line":79,"column":63}}],"line":79},"24":{"loc":{"start":{"line":80,"column":4},"end":{"line":80,"column":113}},"type":"if","locations":[{"start":{"line":80,"column":4},"end":{"line":80,"column":113}},{"start":{"line":80,"column":4},"end":{"line":80,"column":113}}],"line":80},"25":{"loc":{"start":{"line":80,"column":8},"end":{"line":80,"column":71}},"type":"binary-expr","locations":[{"start":{"line":80,"column":8},"end":{"line":80,"column":18}},{"start":{"line":80,"column":22},"end":{"line":80,"column":34}},{"start":{"line":80,"column":38},"end":{"line":80,"column":71}}],"line":80},"26":{"loc":{"start":{"line":81,"column":4},"end":{"line":81,"column":113}},"type":"if","locations":[{"start":{"line":81,"column":4},"end":{"line":81,"column":113}},{"start":{"line":81,"column":4},"end":{"line":81,"column":113}}],"line":81},"27":{"loc":{"start":{"line":81,"column":8},"end":{"line":81,"column":71}},"type":"binary-expr","locations":[{"start":{"line":81,"column":8},"end":{"line":81,"column":18}},{"start":{"line":81,"column":22},"end":{"line":81,"column":34}},{"start":{"line":81,"column":38},"end":{"line":81,"column":71}}],"line":81},"28":{"loc":{"start":{"line":82,"column":4},"end":{"line":82,"column":116}},"type":"if","locations":[{"start":{"line":82,"column":4},"end":{"line":82,"column":116}},{"start":{"line":82,"column":4},"end":{"line":82,"column":116}}],"line":82},"29":{"loc":{"start":{"line":82,"column":8},"end":{"line":82,"column":73}},"type":"binary-expr","locations":[{"start":{"line":82,"column":8},"end":{"line":82,"column":18}},{"start":{"line":82,"column":22},"end":{"line":82,"column":35}},{"start":{"line":82,"column":39},"end":{"line":82,"column":73}}],"line":82},"30":{"loc":{"start":{"line":83,"column":4},"end":{"line":83,"column":119}},"type":"if","locations":[{"start":{"line":83,"column":4},"end":{"line":83,"column":119}},{"start":{"line":83,"column":4},"end":{"line":83,"column":119}}],"line":83},"31":{"loc":{"start":{"line":83,"column":8},"end":{"line":83,"column":75}},"type":"binary-expr","locations":[{"start":{"line":83,"column":8},"end":{"line":83,"column":18}},{"start":{"line":83,"column":22},"end":{"line":83,"column":36}},{"start":{"line":83,"column":40},"end":{"line":83,"column":75}}],"line":83},"32":{"loc":{"start":{"line":90,"column":4},"end":{"line":123,"column":5}},"type":"if","locations":[{"start":{"line":90,"column":4},"end":{"line":123,"column":5}},{"start":{"line":90,"column":4},"end":{"line":123,"column":5}}],"line":90},"33":{"loc":{"start":{"line":92,"column":8},"end":{"line":93,"column":40}},"type":"if","locations":[{"start":{"line":92,"column":8},"end":{"line":93,"column":40}},{"start":{"line":92,"column":8},"end":{"line":93,"column":40}}],"line":92},"34":{"loc":{"start":{"line":92,"column":12},"end":{"line":92,"column":93}},"type":"binary-expr","locations":[{"start":{"line":92,"column":12},"end":{"line":92,"column":21}},{"start":{"line":92,"column":25},"end":{"line":92,"column":93}}],"line":92},"35":{"loc":{"start":{"line":98,"column":24},"end":{"line":98,"column":52}},"type":"binary-expr","locations":[{"start":{"line":98,"column":24},"end":{"line":98,"column":40}},{"start":{"line":98,"column":44},"end":{"line":98,"column":52}}],"line":98},"36":{"loc":{"start":{"line":100,"column":19},"end":{"line":100,"column":54}},"type":"binary-expr","locations":[{"start":{"line":100,"column":19},"end":{"line":100,"column":48}},{"start":{"line":100,"column":52},"end":{"line":100,"column":54}}],"line":100},"37":{"loc":{"start":{"line":102,"column":8},"end":{"line":122,"column":48}},"type":"if","locations":[{"start":{"line":102,"column":8},"end":{"line":122,"column":48}},{"start":{"line":102,"column":8},"end":{"line":122,"column":48}}],"line":102},"38":{"loc":{"start":{"line":113,"column":12},"end":{"line":120,"column":45}},"type":"if","locations":[{"start":{"line":113,"column":12},"end":{"line":120,"column":45}},{"start":{"line":113,"column":12},"end":{"line":120,"column":45}}],"line":113},"39":{"loc":{"start":{"line":114,"column":16},"end":{"line":118,"column":49}},"type":"if","locations":[{"start":{"line":114,"column":16},"end":{"line":118,"column":49}},{"start":{"line":114,"column":16},"end":{"line":118,"column":49}}],"line":114},"40":{"loc":{"start":{"line":114,"column":20},"end":{"line":117,"column":45}},"type":"binary-expr","locations":[{"start":{"line":114,"column":20},"end":{"line":114,"column":50}},{"start":{"line":115,"column":20},"end":{"line":115,"column":51}},{"start":{"line":116,"column":20},"end":{"line":116,"column":52}},{"start":{"line":117,"column":20},"end":{"line":117,"column":45}}],"line":114},"41":{"loc":{"start":{"line":127,"column":4},"end":{"line":146,"column":5}},"type":"if","locations":[{"start":{"line":127,"column":4},"end":{"line":146,"column":5}},{"start":{"line":127,"column":4},"end":{"line":146,"column":5}}],"line":127},"42":{"loc":{"start":{"line":129,"column":8},"end":{"line":130,"column":42}},"type":"if","locations":[{"start":{"line":129,"column":8},"end":{"line":130,"column":42}},{"start":{"line":129,"column":8},"end":{"line":130,"column":42}}],"line":129},"43":{"loc":{"start":{"line":129,"column":12},"end":{"line":129,"column":93}},"type":"binary-expr","locations":[{"start":{"line":129,"column":12},"end":{"line":129,"column":21}},{"start":{"line":129,"column":25},"end":{"line":129,"column":93}}],"line":129},"44":{"loc":{"start":{"line":133,"column":19},"end":{"line":133,"column":54}},"type":"binary-expr","locations":[{"start":{"line":133,"column":19},"end":{"line":133,"column":48}},{"start":{"line":133,"column":52},"end":{"line":133,"column":54}}],"line":133},"45":{"loc":{"start":{"line":134,"column":8},"end":{"line":145,"column":52}},"type":"if","locations":[{"start":{"line":134,"column":8},"end":{"line":145,"column":52}},{"start":{"line":134,"column":8},"end":{"line":145,"column":52}}],"line":134},"46":{"loc":{"start":{"line":137,"column":12},"end":{"line":141,"column":13}},"type":"if","locations":[{"start":{"line":137,"column":12},"end":{"line":141,"column":13}},{"start":{"line":137,"column":12},"end":{"line":141,"column":13}}],"line":137},"47":{"loc":{"start":{"line":139,"column":19},"end":{"line":141,"column":13}},"type":"if","locations":[{"start":{"line":139,"column":19},"end":{"line":141,"column":13}},{"start":{"line":139,"column":19},"end":{"line":141,"column":13}}],"line":139},"48":{"loc":{"start":{"line":142,"column":12},"end":{"line":143,"column":56}},"type":"if","locations":[{"start":{"line":142,"column":12},"end":{"line":143,"column":56}},{"start":{"line":142,"column":12},"end":{"line":143,"column":56}}],"line":142},"49":{"loc":{"start":{"line":142,"column":16},"end":{"line":142,"column":58}},"type":"binary-expr","locations":[{"start":{"line":142,"column":16},"end":{"line":142,"column":32}},{"start":{"line":142,"column":36},"end":{"line":142,"column":58}}],"line":142},"50":{"loc":{"start":{"line":148,"column":4},"end":{"line":165,"column":5}},"type":"if","locations":[{"start":{"line":148,"column":4},"end":{"line":165,"column":5}},{"start":{"line":148,"column":4},"end":{"line":165,"column":5}}],"line":148},"51":{"loc":{"start":{"line":150,"column":8},"end":{"line":151,"column":44}},"type":"if","locations":[{"start":{"line":150,"column":8},"end":{"line":151,"column":44}},{"start":{"line":150,"column":8},"end":{"line":151,"column":44}}],"line":150},"52":{"loc":{"start":{"line":150,"column":12},"end":{"line":150,"column":93}},"type":"binary-expr","locations":[{"start":{"line":150,"column":12},"end":{"line":150,"column":21}},{"start":{"line":150,"column":25},"end":{"line":150,"column":93}}],"line":150},"53":{"loc":{"start":{"line":154,"column":19},"end":{"line":154,"column":54}},"type":"binary-expr","locations":[{"start":{"line":154,"column":19},"end":{"line":154,"column":48}},{"start":{"line":154,"column":52},"end":{"line":154,"column":54}}],"line":154},"54":{"loc":{"start":{"line":155,"column":8},"end":{"line":164,"column":56}},"type":"if","locations":[{"start":{"line":155,"column":8},"end":{"line":164,"column":56}},{"start":{"line":155,"column":8},"end":{"line":164,"column":56}}],"line":155},"55":{"loc":{"start":{"line":156,"column":12},"end":{"line":157,"column":59}},"type":"if","locations":[{"start":{"line":156,"
[...]
a9","hash":"4f2ea624afa02182c65bed1e9b21b5248a513ce8","contentHash":"5d1cd802a75d6754cf6e9a8fba7646306808cebc19cf7574fcb0bd163d2dc1ed"},"/Users/liangjiaying/git/specberus/lib/rules/metadata/patent-policy.js":{"path":"/Users/liangjiaying/git/specberus/lib/rules/metadata/patent-policy.js","statementMap":{"0":{"start":{"line":7,"column":15},"end":{"line":7,"column":37}},"1":{"start":{"line":9,"column":0},"end":{"line":9,"column":40}},"2":{"start":{"line":11,"column":0},"end":{"line":32,"column":2}},"3":{"start":{"line":13,"column":23},"end":{"line":13,"column":43}},"4":{"start":{"line":14,"column":20},"end":{"line":14,"column":40}},"5":{"start":{"line":16,"column":4},"end":{"line":31,"column":5}},"6":{"start":{"line":17,"column":8},"end":{"line":17,"column":48}},"7":{"start":{"line":18,"column":8},"end":{"line":30,"column":11}},"8":{"start":{"line":19,"column":10},"end":{"line":29,"column":11}},"9":{"start":{"line":20,"column":14},"end":{"line":20,"column":28}},"10":{"start":{"line":23,"column":14},"end":{"line":27,"column":17}},"11":{"start":{"line":24,"column":18},"end":{"line":26,"column":19}},"12":{"start":{"line":25,"column":22},"end":{"line":25,"column":56}},"13":{"start":{"line":28,"column":14},"end":{"line":28,"column":56}}},"fnMap":{"0":{"name":"(anonymous_0)","decl":{"start":{"line":11,"column":16},"end":{"line":11,"column":17}},"loc":{"start":{"line":11,"column":35},"end":{"line":32,"column":1}},"line":11},"1":{"name":"(anonymous_1)","decl":{"start":{"line":18,"column":70},"end":{"line":18,"column":71}},"loc":{"start":{"line":18,"column":89},"end":{"line":30,"column":9}},"line":18},"2":{"name":"(anonymous_2)","decl":{"start":{"line":23,"column":32},"end":{"line":23,"column":33}},"loc":{"start":{"line":23,"column":37},"end":{"line":27,"column":15}},"line":23}},"branchMap":{"0":{"loc":{"start":{"line":16,"column":4},"end":{"line":31,"column":5}},"type":"if","locations":[{"start":{"line":16,"column":4},"end":{"line":31,"column":5}},{"start":{"line":16,"column":4},"end":{"line":31,"column":5}}],"line":16},"1":{"loc":{"start":{"line":19,"column":10},"end":{"line":29,"column":11}},"type":"if","locations":[{"start":{"line":19,"column":10},"end":{"line":29,"column":11}},{"start":{"line":19,"column":10},"end":{"line":29,"column":11}}],"line":19},"2":{"loc":{"start":{"line":24,"column":18},"end":{"line":26,"column":19}},"type":"if","locations":[{"start":{"line":24,"column":18},"end":{"line":26,"column":19}},{"start":{"line":24,"column":18},"end":{"line":26,"column":19}}],"line":24},"3":{"loc":{"start":{"line":24,"column":22},"end":{"line":24,"column":80}},"type":"binary-expr","locations":[{"start":{"line":24,"column":22},"end":{"line":24,"column":50}},{"start":{"line":24,"column":54},"end":{"line":24,"column":80}}],"line":24}},"s":{"0":1,"1":1,"2":1,"3":11,"4":11,"5":11,"6":11,"7":11,"8":11,"9":0,"10":11,"11":40,"12":11,"13":11},"f":{"0":11,"1":11,"2":40},"b":{"0":[11,0],"1":[0,11],"2":[11,29],"3":[40,26]},"_coverageSchema":"1a1c01bbd47fc00a2c39e90264f33305004495a9","hash":"7d4cd0a6fb3f4ddd4533a2253279290fc095a609","contentHash":"5f6e8783e7d807ff3a9be9c8d6f255bd7e4da4a281999550dc3cae9073863640"},"/Users/liangjiaying/git/specberus/lib/rules/metadata/editor-ids.js":{"path":"/Users/liangjiaying/git/specberus/lib/rules/metadata/editor-ids.js","statementMap":{"0":{"start":{"line":6,"column":0},"end":{"line":6,"column":37}},"1":{"start":{"line":8,"column":0},"end":{"line":10,"column":2}},"2":{"start":{"line":9,"column":4},"end":{"line":9,"column":48}}},"fnMap":{"0":{"name":"(anonymous_0)","decl":{"start":{"line":8,"column":16},"end":{"line":8,"column":17}},"loc":{"start":{"line":8,"column":35},"end":{"line":10,"column":1}},"line":8}},"branchMap":{},"s":{"0":1,"1":1,"2":11},"f":{"0":11},"b":{},"_coverageSchema":"1a1c01bbd47fc00a2c39e90264f33305004495a9","hash":"2b73e11024ef3f0ea2bfdff7284e711d40f2c808","contentHash":"4b7ff66f25e00236c2782e54b12a39233e73991b42b0407de8b911a0f318c0b7"},"/Users/liangjiaying/git/specberus/lib/rules/metadata/editor-names.js":{"path":"/Users/liangjiaying/git/specberus/lib/rules/metadata/editor-names.js","statementMap":{"0":{"start":{"line":6,"column":0},"end":{"line":6,"column":39}},"1":{"start":{"line":8,"column":0},"end":{"line":19,"column":2}},"2":{"start":{"line":9,"column":13},"end":{"line":9,"column":60}},"3":{"start":{"line":10,"column":14},"end":{"line":10,"column":35}},"4":{"start":{"line":11,"column":17},"end":{"line":11,"column":19}},"5":{"start":{"line":12,"column":4},"end":{"line":17,"column":5}},"6":{"start":{"line":13,"column":8},"end":{"line":16,"column":9}},"7":{"start":{"line":14,"column":25},"end":{"line":14,"column":81}},"8":{"start":{"line":15,"column":12},"end":{"line":15,"column":44}},"9":{"start":{"line":15,"column":24},"end":{"line":15,"column":44}},"10":{"start":{"line":18,"column":4},"end":{"line":18,"column":39}}},"fnMap":{"0":{"name":"(anonymous_0)","decl":{"start":{"line":8,"column":16},"end":{"line":8,"column":17}},"loc":{"start":{"line":8,"column":35},"end":{"line":19,"column":1}},"line":8},"1":{"name":"(anonymous_1)","decl":{"start":{"line":13,"column":30},"end":{"line":13,"column":31}},"loc":{"start":{"line":13,"column":49},"end":{"line":16,"column":7}},"line":13}},"branchMap":{"0":{"loc":{"start":{"line":12,"column":4},"end":{"line":17,"column":5}},"type":"if","locations":[{"start":{"line":12,"column":4},"end":{"line":17,"column":5}},{"start":{"line":12,"column":4},"end":{"line":17,"column":5}}],"line":12},"1":{"loc":{"start":{"line":15,"column":12},"end":{"line":15,"column":44}},"type":"if","locations":[{"start":{"line":15,"column":12},"end":{"line":15,"column":44}},{"start":{"line":15,"column":12},"end":{"line":15,"column":44}}],"line":15}},"s":{"0":1,"1":1,"2":11,"3":11,"4":11,"5":11,"6":11,"7":30,"8":30,"9":29,"10":11},"f":{"0":11,"1":30},"b":{"0":[11,0],"1":[29,1]},"_coverageSchema":"1a1c01bbd47fc00a2c39e90264f33305004495a9","hash":"81d67c910a216c459838ee70d603f5d78f157f6c","contentHash":"84ad31d56e0d58ba9f7057c078209b8697407c1c9590ff886ed98778f56aa705"},"/Users/liangjiaying/git/specberus/lib/rules/metadata/rectrack.js":{"path":"/Users/liangjiaying/git/specberus/lib/rules/metadata/rectrack.js","statementMap":{"0":{"start":{"line":7,"column":0},"end":{"line":7,"column":35}},"1":{"start":{"line":9,"column":0},"end":{"line":27,"column":2}},"2":{"start":{"line":11,"column":15},"end":{"line":11,"column":34}},"3":{"start":{"line":12,"column":19},"end":{"line":12,"column":127}},"4":{"start":{"line":13,"column":17},"end":{"line":13,"column":22}},"5":{"start":{"line":15,"column":4},"end":{"line":17,"column":5}},"6":{"start":{"line":16,"column":8},"end":{"line":16,"column":22}},"7":{"start":{"line":18,"column":30},"end":{"line":18,"column":48}},"8":{"start":{"line":19,"column":4},"end":{"line":24,"column":7}},"9":{"start":{"line":20,"column":8},"end":{"line":20,"column":63}},"10":{"start":{"line":21,"column":8},"end":{"line":23,"column":9}},"11":{"start":{"line":22,"column":12},"end":{"line":22,"column":26}},"12":{"start":{"line":26,"column":4},"end":{"line":26,"column":82}}},"fnMap":{"0":{"name":"(anonymous_0)","decl":{"start":{"line":9,"column":16},"end":{"line":9,"column":17}},"loc":{"start":{"line":9,"column":35},"end":{"line":27,"column":1}},"line":9},"1":{"name":"(anonymous_1)","decl":{"start":{"line":19,"column":62},"end":{"line":19,"column":63}},"loc":{"start":{"line":19,"column":80},"end":{"line":24,"column":5}},"line":19}},"branchMap":{"0":{"loc":{"start":{"line":15,"column":4},"end":{"line":17,"column":5}},"type":"if","locations":[{"start":{"line":15,"column":4},"end":{"line":17,"column":5}},{"start":{"line":15,"column":4},"end":{"line":17,"column":5}}],"line":15},"1":{"loc":{"start":{"line":21,"column":8},"end":{"line":23,"column":9}},"type":"if","locations":[{"start":{"line":21,"column":8},"end":{"line":23,"column":9}},{"start":{"line":21,"column":8},"end":{"line":23,"column":9}}],"line":21},"2":{"loc":{"start":{"line":26,"column":29},"end":{"line":26,"column":78}},"type":"binary-expr","locations":[{"start":{"line":26,"column":29},"end":{"line":26,"column":68}},{"start":{"line":26,"column":72},"end":{"line":26,"column":78}}],"line":26},"3":{"loc":{"start":{"line":26,"column":43},"end":{"line":26,"column":67}},"type":"binary-expr","locations":[{"start":{"line":26,"column":43},"end":{"line":26,"column":47}},{"start":{"line":26,"column":51},"end":{"line":26,"column":67}}],"line":26}},"s":{"0":1,"1":1,"2":11,"3":11,"4":11,"5":11,"6":0,"7":11,"8":11,"9":13,"10":13,"11":1,"12":11},"f":{"0":11,"1":13},"b":{"0":[0,11],"1":[1,12],"2":[11,10],"3":[11,11]},"_coverageSchema":"1a1c01bbd47fc00a2c39e90264f33305004495a9","hash":"88159a7d9e25d8c1a87f4e6baefeb49516c90594","contentHash":"6fc6c2d64dd04a0ad1cc890a23d88948a95b9cd42e2cd3efb73403845c7f6fe3"},"/Users/liangjiaying/git/specberus/lib/rules/metadata/informative.js":{"path":"/Users/liangjiaying/git/specberus/lib/rules/metadata/informative.js","statementMap":{"0":{"start":{"line":6,"column":0},"end":{"line":6,"column":38}},"1":{"start":{"line":8,"column":0},"end":{"line":27,"column":2}},"2":{"start":{"line":10,"column":15},"end":{"line":10,"column":34}},"3":{"start":{"line":11,"column":19},"end":{"line":11,"column":64}},"4":{"start":{"line":12,"column":24},"end":{"line":12,"column":29}},"5":{"start":{"line":14,"column":4},"end":{"line":16,"column":5}},"6":{"start":{"line":15,"column":8},"end":{"line":15,"column":22}},"7":{"start":{"line":18,"column":30},"end":{"line":18,"column":48}},"8":{"start":{"line":19,"column":4},"end":{"line":24,"column":7}},"9":{"start":{"line":20,"column":8},"end":{"line":20,"column":63}},"10":{"start":{"line":21,"column":8},"end":{"line":23,"column":9}},"11":{"start":{"line":22,"column":12},"end":{"line":22,"column":33}},"12":{"start":{"line":26,"column":4},"end":{"line":26,"column":89}}},"fnMap":{"0":{"name":"(anonymous_0)","decl":{"start":{"line":8,"column":16},"end":{"line":8,"column":17}},"loc":{"start":{"line":8,"column":35},"end":{"line":27,"column":1}},"line":8},"1":{"name":"(anonymous_1)","decl":{"start":{"line":19,"column":62},"end":{"line":19,"column":63}},"loc":{"start":{"line":19,"column":80},"end":{"line":24,"column":5}},"line":19}},"branchMap":{"0":{"loc":{"start":{"line":14,"column":4},"end":{"line":16,"column":5}},"type":"if","locations":[{"start":{"line":14,"column":4},"end":{"line":16,"column":5}},{"start":{"line":14,"column":4},"end":{"line":16,"column":5}}],"line":14},"1":{"loc":{"start":{"line":21,"column":8},"end":{"line":23,"column":9}},"type":"if","locations":[{"start":{"line":21,"column":8},"end":{"line":23,"column":9}},{"start":{"line":21,"column":8},"end":{"line":23,"column":9}}],"line":21},"2":{"loc":{"start":{"line":26,"column":30},"end":{"line":26,"column":86}},"type":"binary-expr","locations":[{"start":{"line":26,"column":30},"end":{"line":26,"column":69}},{"start":{"line":26,"column":73},"end":{"line":26,"column":86}}],"line":26},"3":{"loc":{"start":{"line":26,"column":44},"end":{"line":26,"column":68}},"type":"binary-expr","locations":[{"start":{"line":26,"column":44},"end":{"line":26,"column":48}},{"start":{"line":26,"column":52},"end":{"line":26,"column":68}}],"line":26}},"s":{"0":1,"1":1,"2":11,"3":11,"4":11,"5":11,"6":0,"7":11,"8":11,"9":13,"10":13,"11":1,"12":11},"f":{"0":11,"1":13},"b":{"0":[0,11],"1":[1,12],"2":[11,10],"3":[11,11]},"_coverageSchema":"1a1c01bbd47fc00a2c39e90264f33305004495a9","hash":"780b2e55ce33d837aa387dfa73a203dc05a519c0","contentHash":"af7bab21544c1936fb0e4a2cc7ac407c01ec915b14d26eb6292d1f70f77cc72b"},"/Users/liangjiaying/git/specberus/lib/rules/metadata/process.js":{"path":"/Users/liangjiaying/git/specberus/lib/rules/metadata/process.js","statementMap":{"0":{"start":{"line":11,"column":0},"end":{"line":11,"column":34}},"1":{"start":{"line":13,"column":0},"end":{"line":20,"column":2}},"2":{"start":{"line":14,"column":26},"end":{"line":14,"column":79}},"3":{"start":{"line":15,"column":4},"end":{"line":19,"column":69}},"4":{"start":{"line":16,"column":8},"end":{"line":16,"column":22}},"5":{"start":{"line":19,"column":8},"end":{"line":19,"column":69}}},"fnMap":{"0":{"name":"(anonymous_0)","decl":{"start":{"line":13,"column":16},"end":{"line":13,"column":17}},"loc":{"start":{"line":13,"column":35},"end":{"line":20,"column":1}},"line":13}},"branchMap":{"0":{"loc":{"start":{"line":15,"column":4},"end":{"line":19,"column":69}},"type":"if","locations":[{"start":{"line":15,"column":4},"end":{"line":19,"column":69}},{"start":{"line":15,"column":4},"end":{"line":19,"column":69}}],"line":15},"1":{"loc":{"start":{"line":15,"column":8},"end":{"line":15,"column":65}},"type":"binary-expr","locations":[{"start":{"line":15,"column":8},"end":{"line":15,"column":24}},{"start":{"line":15,"column":28},"end":{"line":15,"column":65}}],"line":15}},"s":{"0":1,"1":1,"2":11,"3":11,"4":0,"5":11},"f":{"0":11},"b":{"0":[0,11],"1":[11,11]},"_coverageSchema":"1a1c01bbd47fc00a2c39e90264f33305004495a9","hash":"40fd348f9b0dedfce379d8a7fbed57b38ba76186","contentHash":"a72657ce834b89543470308fcd234c35bde8be70d70aceba3a257cc696c8a1e0"},"/Users/liangjiaying/git/specberus/lib/rules/metadata/errata.js":{"path":"/Users/liangjiaying/git/specberus/lib/rules/metadata/errata.js","statementMap":{"0":{"start":{"line":7,"column":0},"end":{"line":7,"column":33}},"1":{"start":{"line":9,"column":0},"end":{"line":18,"column":2}},"2":{"start":{"line":10,"column":22},"end":{"line":10,"column":31}},"3":{"start":{"line":11,"column":22},"end":{"line":11,"column":80}},"4":{"start":{"line":12,"column":17},"end":{"line":12,"column":107}},"5":{"start":{"line":12,"column":69},"end":{"line":12,"column":106}},"6":{"start":{"line":14,"column":4},"end":{"line":17,"column":55}},"7":{"start":{"line":15,"column":8},"end":{"line":15,"column":15}},"8":{"start":{"line":17,"column":8},"end":{"line":17,"column":55}}},"fnMap":{"0":{"name":"(anonymous_0)","decl":{"start":{"line":9,"column":16},"end":{"line":9,"column":17}},"loc":{"start":{"line":9,"column":35},"end":{"line":18,"column":1}},"line":9},"1":{"name":"(anonymous_1)","decl":{"start":{"line":12,"column":58},"end":{"line":12,"column":59}},"loc":{"start":{"line":12,"column":69},"end":{"line":12,"column":106}},"line":12}},"branchMap":{"0":{"loc":{"start":{"line":14,"column":4},"end":{"line":17,"column":55}},"type":"if","locations":[{"start":{"line":14,"column":4},"end":{"line":17,"column":55}},{"start":{"line":14,"column":4},"end":{"line":17,"column":55}}],"line":14},"1":{"loc":{"start":{"line":14,"column":8},"end":{"line":14,"column":57}},"type":"binary-expr","locations":[{"start":{"line":14,"column":8},"end":{"line":14,"column":22}},{"start":{"line":14,"column":26},"end":{"line":14,"column":57}}],"line":14}},"s":{"0":1,"1":1,"2":11,"3":11,"4":11,"5":65,"6":11,"7":10,"8":1},"f":{"0":11,"1":65},"b":{"0":[10,1],"1":[11,1]},"_coverageSchema":"1a1c01bbd47fc00a2c39e90264f33305004495a9","hash":"69ed1d5fa8876b38aec738e7ada767c57a4e1576","contentHash":"419778bb13740f47d1b331905aabeaf05c4506545b9a21e321cb9f6b33d73d31"},"/Users/liangjiaying/git/specberus/lib/l10n-en_GB.js":{"path":"/Users/liangjiaying/git/specberus/lib/l10n-en_GB.js","statementMap":{"0":{"start":{"line":1,"column":0},"end":{"line":266,"column":2}}},"fnMap":{},"branchMap":{},"s":{"0":1},"f":{},"b":{},"_coverageSchema":"1a1c01bbd47fc00a2c39e90264f33305004495a9","hash":"30a31204a6cc77b9d0538ebc5327abceb3334b11","contentHash":"264a268743e0ba2591cc37e5cee688810a16a38163a412c89f5249f326ece124"},"/Users/liangjiaying/git/specberus/lib/rules/dummy/dahut.js":{"path":"/Users/liangjiaying/git/specberus/lib/rules/dummy/dahut.js","statementMap":{"0":{"start":{"line":3,"column":13},"end":{"line":5,"column":1}},"1":{"start":{"line":7,"column":0},"end":{"line":7,"column":25}},"2":{"start":{"line":9,"column":0},"end":{"line":11,"column":2}},"3":{"start":{"line":10,"column":4},"end":{"line":10,"column":69}}},"fnMap":{"0":{"name":"(anonymous_0)","decl":{"start":{"line":9,"column":16},"end":{"line":9,"column":17}},"loc":{"start":{"line":9,"column":36},"end":{"line":11,"column":1}},"line":9}},"branchMap":{},"s":{"0":1,"1":1,"2":1,"3":3},"f":{"0":3},"b":{},"_coverageSchema":"1a1c01bbd47fc00a2c39e90264f33305004495a9","hash":"210c78a9befb816737b5cea7903f1f2ffa2f6466","contentHash":"d327eb59abea9d8956b4027eeb147d9e479d9d1d83f7f5c9903e754a903ac434"},"/Users/liangjiaying/git/specberus/lib/rules/dummy/h1.js":{"path":"/Users/liangjiaying/git/specberus/lib/rules/dummy/h1.js","statementMap":{"0":{"start":{"line":3,"column":13},"end":{"line":5,"column":1}},"1":{"start":{"line":7,"column":0},"end":{"line":7,"column":25}},"2":{"start":{"line":9,"column":0},"end":{"line":11,"column":2}},"3":{"start":{"line":10,"column":4},"end":{"line":10,"column":39}}},"fnMap":{"0":{"name":"(anonymous_0)","decl":{"start":{"line":9,"column":16},"end":{"line":9,"column":17}},"loc":{"start":{"line":9,"column":36},"end":{"line":11,"column":1}},"line":9}},"branchMap":{},"s":{"0":1,"1":1,"2":1,"3":3},"f":{"0":3},"b":{},"_coverageSchema":"1a1c01bbd47fc00a2c39e90264f33305004495a9","hash":"273cc0339f309ad23be356b4dbf8793fbceeca0e","contentHash":"591f1aafbd41887e562ee327f42bafc33c6937f275840830dec4313ef110563a"},"/Users/liangjiaying/git/specberus/lib/rules/dummy/h2-foo.js":{"path":"/Users/liangjiaying/git/specberus/lib/rules/dummy/h2-foo.js","statementMap":{"0":{"start":{"line":3,"column":13},"end":{"line":5,"column":1}},"1":{"start":{"line":7,"column":0},"end":{"line":7,"column":25}},"2":{"start":{"line":9,"column":0},"end":{"line":11,"column":2}},"3":{"start":{"line":10,"column":4},"end":{"line":10,"column":43}}},"fnMap":{"0":{"name":"(anonymous_0)","decl":{"start":{"line":9,"column":16},"end":{"line":9,"column":17}},"loc":{"start":{"line":9,"column":36},"end":{"line":11,"column":1}},"line":9}},"branchMap":{},"s":{"0":1,"1":1,"2":1,"3":3},"f":{"0":3},"b":{},"_coverageSchema":"1a1c01bbd47fc00a2c39e90264f33305004495a9","hash":"8bbb2d865574fb0efc89d2735a786979b788d868","contentHash":"c6d191969abd2d6e86e406683fd688cd5aebafb034a7bcd60451eea198c44580"},"/Users/liangjiaying/git/specberus/lib/rules/links/internal.js":{"path":"/Users/liangjiaying/git/specberus/lib/rules/links/internal.js","statementMap":{"0":{"start":{"line":1,"column":13},"end":{"line":5,"column":1}},"1":{"start":{"line":7,"column":0},"end":{"line":7,"column":25}},"2":{"start":{"line":9,"column":0},"end":{"line":20,"column":2}},"3":{"start":{"line":10,"column":4},"end":{"line":18,"column":7}},"4":{"start":{"line":11,"column":17},"end":{"line":11,"column":62}},"5":{"start":{"line":12,"column":20},"end":{"line":12,"column":57}},"6":{"start":{"line":14,"column":8},"end":{"line":14,"column":30}},"7":{"start":{"line":14,"column":23},"end":{"line":14,"column":30}},"8":{"start":{"line":15,"column":8},"end":{"line":17,"column":9}},"9":{"start":{"line":16,"column":12},"end":{"line":16,"column":49}},"10":{"start":{"line":19,"column":4},"end":{"line":19,"column":11}}},"fnMap":{"0":{"name":"(anonymous_0)","decl":{"start":{"line":9,"column":16},"end":{"line":9,"column":17}},"loc":{"start":{"line":9,"column":36},"end":{"line":20,"column":1}},"line":9},"1":{"name":"(anonymous_1)","decl":{"start":{"line":10,"column":59},"end":{"line":10,"column":60}},"loc":{"start":{"line":10,"column":78},"end":{"line":18,"column":5}},"line":10}},"branchMap":{"0":{"loc":{"start":{"line":14,"column":8},"end":{"line":14,"column":30}},"type":"if","locations":[{"start":{"line":14,"column":8},"end":{"line":14,"column":30}},{"start":{"line":14,"column":8},"end":{"line":14,"column":30}}],"line":14},"1":{"loc":{"start":{"line":15,"column":8},"end":{"line":17,"column":9}},"type":"if","locations":[{"start":{"line":15,"column":8},"end":{"line":17,"column":9}},{"start":{"line":15,"column":8},"end":{"line":17,"column":9}}],"line":15}},"s":{"0":1,"1":1,"2":1,"3":2,"4":5,"5":5,"6":5,"7":0,"8":5,"9":2,"10":2},"f":{"0":2,"1":5},"b":{"0":[0,5],"1":[2,3]},"_coverageSchema":"1a1c01bbd47fc00a2c39e90264f33305004495a9","hash":"7d12230d9bda933dc112e467acc77cee83f04f65","contentHash":"d3616cb5fbebc41367395d8159b52054271a006e24924b387125fc0d44724ee3"}}